#Dimensionless formation entropies of species (S/R)

H2               19.9972
H                16.8252
O                22.4678
O2               29.3009
OH               26.4306
H2O              27.9966
HO2              33.4991
H2O2             35.7686
C                22.0458
CH               26.3766
CH2              29.0641
CH2(S)           28.2454
CH3              30.2095
CH4              29.8699
CO               28.2132
CO2              32.3942
HCO              32.8514
CH2O             33.1283
CH2OH            38.3442
CH3O             35.6562
CH3OH            38.2186
C2H              32.4549
C2H2             32.3502
C2H3             36.9432
C2H4              36.131
C2H5             40.9306
C2H6             39.8977
HCCO             38.3356
CH2CO            39.0122
HCCOH            38.9811
N                21.4658
NH               26.1158
NH2              28.8914
NH3                29.65
NNH              32.9204
NO               29.8955
NO2              35.4399
N2O              33.3202
HNO              32.3128
CN               28.8373
HCN              30.5142
H2CN             34.3302
HCNN             38.9072
HCNO             37.8215
HOCN             37.2486
HNCO             37.3174
NCO              34.9645
N2               27.4367
AR               21.6379
C3H7             51.3944
C3H8             50.2019
CH2CHO            43.134
CH3CHO           43.6906
