#Dimensionless Gibbs Energies of reactions (G/RT)

-4.508599e+012 O + M <=> O2 + M
-3.956765e+01H + O + M <=> OH + M
1.864006e-01H2 + O <=> H + OH
-2.657879e+01HO2 + O <=> O2 + OH
-9.340185e+00H2O2 + O <=> HO2 + OH
-8.496760e+01CH + O <=> CO + H
-4.386722e+01CH2 + O <=> H + HCO
-9.232832e+01CH2(S) + O <=> CO + H2
-4.909694e+01CH2(S) + O <=> H + HCO
-3.172398e+01CH3 + O <=> CH2O + H
-2.663422e+00CH4 + O <=> CH3 + OH
-4.603107e+01CO + O (+M) <=> CO2 (+M)
-4.304497e+01HCO + O <=> CO + OH
-4.950840e+01HCO + O <=> CO2 + H
-1.074042e+01CH2O + O <=> HCO + OH
-3.579992e+01CH2OH + O <=> CH2O + OH
-4.182143e+01CH3O + O <=> CH2O + OH
-6.549276e+00CH3OH + O <=> CH2OH + OH
-5.277621e-01CH3OH + O <=> CH3O + OH
-3.979814e+01C2H + O <=> CH + CO
-9.963459e+00C2H2 + O <=> H + HCCO
1.115098e+01C2H2 + O <=> C2H + OH
-2.670257e+01C2H2 + O <=> CH2 + CO
-4.134745e+01C2H3 + O <=> CH2CO + H
-1.821371e+01C2H4 + O <=> CH3 + HCO
-3.996468e+01C2H5 + O <=> CH2O + CH3
-5.906453e+00C2H6 + O <=> C2H5 + OH
-6.408366e+01HCCO + O <=> 2 CO + H
-1.548614e+00CH2CO + O <=> HCCO + OH
-2.475116e+01CH2CO + O <=> CH2 + CO2
-9.450853e-01CO + O2 <=> CO2 + O
1.583837e+01CH2O + O2 <=> HCO + HO2
-1.298886e+01H + O2 + M <=> HO2 + M
-1.298886e+01H + 2 O2 <=> HO2 + O2
-1.298886e+01H + H2O + O2 <=> H2O + HO2
-1.298886e+01H + N2 + O2 <=> HO2 + N2
-1.298886e+01AR + H + O2 <=> AR + HO2
5.518343e+00H + O2 <=> O + OH
-3.975405e+012 H + M <=> H2 + M
-3.975405e+012 H + H2 <=> 2 H2
-3.975405e+012 H + H2O <=> H2 + H2O
-3.975405e+01CO2 + 2 H <=> CO2 + H2
-4.586024e+01H + OH + M <=> H2O + M
-2.735304e+01H + HO2 <=> H2O + O
-2.676519e+01H + HO2 <=> H2 + O2
-2.106045e+01H + HO2 <=> 2 OH
-9.526586e+00H + H2O2 <=> H2 + HO2
-3.669322e+01H + H2O2 <=> H2O + OH
-1.075834e+01CH + H <=> C + H2
-4.097046e+01CH2 + H (+M) <=> CH3 (+M)
-7.360716e+00CH2(S) + H <=> CH + H2
-3.690422e+01CH3 + H (+M) <=> CH4 (+M)
-2.849822e+00CH4 + H <=> CH3 + H2
-2.882723e+01H + HCO (+M) <=> CH2O (+M)
-4.323137e+01H + HCO <=> CO + H2
-3.767725e+00CH2O + H (+M) <=> CH2OH (+M)
2.253789e+00CH2O + H (+M) <=> CH3O (+M)
-1.092682e+01CH2O + H <=> H2 + HCO
-3.301837e+01CH2OH + H (+M) <=> CH3OH (+M)
-3.598632e+01CH2OH + H <=> CH2O + H2
-4.075936e+00CH2OH + H <=> CH3 + OH
-3.735987e+00CH2OH + H <=> CH2(S) + H2O
-3.903988e+01CH3O + H (+M) <=> CH3OH (+M)
-6.021514e+00CH3O + H <=> CH2OH + H
-4.200783e+01CH3O + H <=> CH2O + H2
-1.009745e+01CH3O + H <=> CH3 + OH
-9.757501e+00CH3O + H <=> CH2(S) + H2O
-6.735676e+00CH3OH + H <=> CH2OH + H2
-7.141627e-01CH3OH + H <=> CH3O + H2
-5.071862e+01C2H + H (+M) <=> C2H2 (+M)
-6.635039e+00C2H2 + H (+M) <=> C2H3 (+M)
-3.934696e+01C2H3 + H (+M) <=> C2H4 (+M)
-3.311901e+01C2H3 + H <=> C2H2 + H2
-7.076249e+00C2H4 + H (+M) <=> C2H5 (+M)
-4.070850e-01C2H4 + H <=> C2H3 + H2
-3.366119e+01C2H5 + H (+M) <=> C2H6 (+M)
-3.267780e+01C2H5 + H <=> C2H4 + H2
-6.092854e+00C2H6 + H <=> C2H5 + H2
-1.150939e+01H + HCCO <=> CH2(S) + CO
-1.735014e+00CH2CO + H <=> H2 + HCCO
-1.969054e+01CH2CO + H <=> CH3 + CO
-1.556462e+01H + HCCOH <=> CH2CO + H
1.440415e+01CO + H2 (+M) <=> CH2O (+M)
-6.106190e+00H2 + OH <=> H + H2O
-9.167015e+002 OH (+M) <=> H2O2 (+M)
-6.292591e+002 OH <=> H2O + O
-3.287138e+01HO2 + OH <=> H2O + O2
-1.563278e+01H2O2 + OH <=> H2O + HO2
-1.563278e+01H2O2 + OH <=> H2O + HO2
-7.439567e+01C + OH <=> CO + H
-4.192263e+01CH + OH <=> H + HCO
-3.312680e+01CH2 + OH <=> CH2O + H
-8.237181e+00CH2 + OH <=> CH + H2O
-3.835652e+01CH2(S) + OH <=> CH2O + H
-2.894243e+01CH3 + OH (+M) <=> CH3OH (+M)
-4.889776e+00CH3 + OH <=> CH2 + H2O
3.399494e-01CH3 + OH <=> CH2(S) + H2O
-8.956012e+00CH4 + OH <=> CH3 + H2O
-6.463428e+00CO + OH <=> CO2 + H
-4.933756e+01HCO + OH <=> CO + H2O
-1.703301e+01CH2O + OH <=> H2O + HCO
-4.209251e+01CH2OH + OH <=> CH2O + H2O
-4.811402e+01CH3O + OH <=> CH2O + H2O
-1.284187e+01CH3OH + OH <=> CH2OH + H2O
-6.820353e+00CH3OH + OH <=> CH3O + H2O
-2.111444e+01C2H + OH <=> H + HCCO
-8.414846e+00C2H2 + OH <=> CH2CO + H
7.149770e+00C2H2 + OH <=> H + HCCOH
4.858387e+00C2H2 + OH <=> C2H + H2O
-2.810539e+01C2H2 + OH <=> CH3 + CO
-3.922520e+01C2H3 + OH <=> C2H2 + H2O
-6.513275e+00C2H4 + OH <=> C2H3 + H2O
-1.219904e+01C2H6 + OH <=> C2H5 + H2O
-7.841204e+00CH2CO + OH <=> H2O + HCCO
-1.723860e+012 HO2 <=> H2O2 + O2
-1.723860e+012 HO2 <=> H2O2 + O2
-5.418724e+01CH2 + HO2 <=> CH2O + OH
-2.391537e+01CH3 + HO2 <=> CH4 + O2
-1.096300e+01CH3 + HO2 <=> CH3O + OH
-2.752387e+01CO + HO2 <=> CO2 + OH
-1.400234e+00CH2O + HO2 <=> H2O2 + HCO
-6.887732e+01C + O2 <=> CO + O
-3.654211e+01C + CH2 <=> C2H + H
-4.629028e+01C + CH3 <=> C2H2 + H
-3.640429e+01CH + O2 <=> HCO + O
2.130991e+00CH + H2 <=> CH2 + H
-2.488962e+01CH + H2O <=> CH2O + H
-5.826503e+01CH + CH2 <=> C2H2 + H
-2.392961e+01CH + CH3 <=> C2H3 + H
-2.637234e+01CH + CH4 <=> C2H4 + H
-2.088394e+01CH + CO (+M) <=> HCCO (+M)
-3.545920e+01CH + CO2 <=> CO + HCO
-3.355307e+01CH + CH2O <=> CH2CO + H
-7.500414e+01CH + HCCO <=> C2H2 + CO
-4.182620e+01CH2 + O2 => CO + H + OH
-1.216414e+00CH2 + H2 <=> CH3 + H
-6.039602e+012 CH2 <=> C2H2 + H2
-2.565351e+01CH2 + CH3 <=> C2H4 + H
-4.066237e+00CH2 + CH4 <=> 2 CH3
-2.127992e+01CH2 + CO (+M) <=> CH2CO (+M)
-4.401613e+01CH2 + HCCO <=> C2H3 + CO
-5.229725e+00CH2(S) + N2 <=> CH2 + N2
-5.229725e+00AR + CH2(S) <=> AR + CH2
-4.705593e+01CH2(S) + O2 <=> CO + H + OH
-9.291616e+01CH2(S) + O2 <=> CO + H2O
-6.446139e+00CH2(S) + H2 <=> CH3 + H
-2.928238e+01CH2(S) + H2O (+M) <=> CH3OH (+M)
-5.229725e+00CH2(S) + H2O <=> CH2 + H2O
-3.088324e+01CH2(S) + CH3 <=> C2H4 + H
-9.295962e+00CH2(S) + CH4 <=> 2 CH3
-5.229725e+00CH2(S) + CO <=> CH2 + CO
-5.229725e+00CH2(S) + CO2 <=> CH2 + CO2
-3.189310e+01CH2(S) + CO2 <=> CH2O + CO
-1.253899e+01C2H6 + CH2(S) <=> C2H5 + CH3
1.561579e+01CH3 + O2 <=> CH3O + O
-2.620564e+01CH3 + O2 <=> CH2O + OH
-6.676763e+00CH3 + H2O2 <=> CH4 + HO2
-2.542049e+012 CH3 (+M) <=> C2H6 (+M)
8.240699e+002 CH3 <=> C2H5 + H
-4.038155e+01CH3 + HCO <=> CH4 + CO
-8.076997e+00CH2O + CH3 <=> CH4 + HCO
-3.885854e+00CH3 + CH3OH <=> CH2OH + CH4
2.135660e+00CH3 + CH3OH <=> CH3O + CH4
2.442737e+00C2H4 + CH3 <=> C2H3 + CH4
-3.243032e+00C2H6 + CH3 <=> C2H5 + CH4
-3.477327e+00H2O + HCO <=> CO + H + H2O
-3.477327e+00HCO + M <=> CO + H + M
-1.646618e+01HCO + O2 <=> CO + HO2
-9.221132e+00CH2OH + O2 <=> CH2O + HO2
-1.524265e+01CH3O + O2 <=> CH2O + HO2
-7.620243e+01C2H + O2 <=> CO + HCO
-1.096458e+01C2H + H2 <=> C2H2 + H
-4.419866e+01C2H3 + O2 <=> CH2O + HCO
6.227954e+00C2H4 (+M) <=> C2H2 + H2 (+M)
-5.912608e+00C2H5 + O2 <=> C2H4 + HO2
-5.856532e+01HCCO + O2 <=> 2 CO + OH
-5.412020e+012 HCCO <=> C2H2 + 2 CO
-3.642268e+01N + NO <=> N2 + O
-1.751002e+01N + O2 <=> NO + O
-2.302836e+01N + OH <=> H + NO
-4.128138e+01N2O + O <=> N2 + O2
-2.236872e+01N2O + O <=> 2 NO
-3.576304e+01H + N2O <=> N2 + OH
-1.470259e+01N2O + OH <=> HO2 + N2
3.804609e+00N2O (+M) <=> N2 + O (+M)
-1.889982e+00HO2 + NO <=> NO2 + OH
-2.039718e+01NO + O + M <=> NO2 + M
-2.468881e+01NO2 + O <=> NO + O2
-1.917046e+01H + NO2 <=> NO + OH
-3.367912e+01NH + O <=> H + NO
-1.083716e+01H + NH <=> H2 + N
-5.073800e+00NH + OH <=> H + HNO
-1.694335e+01NH + OH <=> H2O + N
4.445429e-01NH + O2 <=> HNO + O
-2.816077e+01NH + O2 <=> NO + OH
-7.010179e+01N + NH <=> H + N2
1.032390e+00H2O + NH <=> H2 + HNO
-4.707344e+01NH + NO <=> N2 + OH
-1.131040e+01NH + NO <=> H + N2O
-6.574971e+00NH2 + O <=> NH + OH
-1.164877e+01NH2 + O <=> H + HNO
-6.761372e+00H + NH2 <=> H2 + NH
-1.286756e+01NH2 + OH <=> H2O + NH
-1.433802e+01NNH <=> H + N2
-1.433802e+01NNH + M <=> H + N2 + M
-2.732688e+01NNH + O2 <=> HO2 + N2
-5.390566e+01NNH + O <=> N2 + OH
-6.832228e+00NNH + O <=> NH + NO
-5.409206e+01H + NNH <=> H2 + N2
-6.019825e+01NNH + OH <=> H2O + N2
-5.124224e+01CH3 + NNH <=> CH4 + N2
-1.096233e+01H + NO + M <=> HNO + M
-2.860532e+01HNO + O <=> NO + OH
-2.879172e+01H + HNO <=> H2 + NO
-3.489791e+01HNO + OH <=> H2O + NO
-2.026528e+00HNO + O2 <=> HO2 + NO
-3.755749e+01CN + O <=> CO + N
-1.111638e+01CN + OH <=> H + NCO
-2.820482e+00CN + H2O <=> HCN + OH
-5.598036e+00CN + O2 <=> NCO + O
-8.926672e+00CN + H2 <=> H + HCN
-4.946947e+01NCO + O <=> CO + NO
-1.579036e+01H + NCO <=> CO + NH
-9.901827e+00NCO + OH <=> CO + H + NO
-8.589215e+01N + NCO <=> CO + N2
-5.041456e+01NCO + O2 <=> CO2 + NO
1.312653e+01NCO + M <=> CO + N + M
-2.710076e+01NCO + NO <=> CO + N2O
-6.932722e+01NCO + NO <=> CO2 + N2
4.868072e+01HCN + M <=> CN + H + M
-2.003307e+00HCN + O <=> H + NCO
-1.779366e+01HCN + O <=> CO + NH
9.113072e+00HCN + O <=> CN + OH
7.586911e+00HCN + OH <=> H + HOCN
-5.089416e+00HCN + OH <=> H + HNCO
-1.121869e+01HCN + OH <=> CO + NH2
-1.785402e-01H + HCN (+M) <=> H2CN (+M)
-4.037237e+01H2CN + N <=> CH2 + N2
2.261286e+01C + N2 <=> CN + N
2.927857e+00CH + N2 <=> HCN + N
-1.175942e+00CH + N2 (+M) <=> HCNN (+M)
1.163402e+01CH2 + N2 <=> HCN + NH
6.404299e+00CH2(S) + N2 <=> HCN + NH
-1.380981e+01C + NO <=> CN + O
-5.136731e+01C + NO <=> CO + N
-3.349482e+01CH + NO <=> HCN + O
-3.549813e+01CH + NO <=> H + NCO
-1.889427e+01CH + NO <=> HCO + N
-4.052883e+01CH2 + NO <=> H + HNCO
-3.543941e+01CH2 + NO <=> HCN + OH
-6.129049e+00CH2 + NO <=> H + HCNO
-4.575855e+01CH2(S) + NO <=> H + HNCO
-4.066914e+01CH2(S) + NO <=> HCN + OH
-1.135877e+01CH2(S) + NO <=> H + HCNO
-4.032919e+01CH3 + NO <=> H2O + HCN
5.352508e+00CH3 + NO <=> H2CN + OH
-8.379166e+01HCNN + O <=> CO + H + N2
-5.849220e+01HCNN + O <=> HCN + NO
-3.522834e+01HCNN + O2 <=> HCO + N2 + O
-4.074669e+01HCNN + OH <=> H + HCO + N2
-3.644711e+01H + HCNN <=> CH2 + N2
-1.916768e+01HNCO + O <=> CO2 + NH
-1.777805e+01HNCO + O <=> CO + HNO
3.086109e+00HNCO + O <=> NCO + OH
-6.129277e+00H + HNCO <=> CO + NH2
2.899708e+00H + HNCO <=> H2 + NCO
-3.206482e+00HNCO + OH <=> H2O + NCO
-1.259270e+01HNCO + OH <=> CO2 + NH2
2.686340e+01HNCO + M <=> CO + NH + M
-3.439978e+01H + HCNO <=> H + HNCO
-2.931036e+01H + HCNO <=> HCN + OH
-4.052906e+01H + HCNO <=> CO + NH2
-1.267633e+01H + HOCN <=> H + HNCO
-2.286816e+01HCCO + NO <=> CO + HCNO
-1.767585e+01CH3 + N <=> H + H2CN
-5.725136e+01CH3 + N <=> H2 + HCN
2.571226e-02H + NH3 <=> H2 + NH2
-6.080478e+00NH3 + OH <=> H2O + NH2
2.121128e-01NH3 + O <=> NH2 + OH
1.389628e+00CO2 + NH <=> CO + HNO
-3.028684e+01CN + NO2 <=> NCO + NO
-5.273465e+01NCO + NO2 <=> CO2 + N2O
-1.656493e+01CO2 + N <=> CO + NO
-4.612813e+01CH3 + O => CO + H + H2
-7.826185e+00C2H4 + O <=> CH2CHO + H
-3.469317e+01C2H5 + O <=> CH3CHO + H
-3.287138e+01HO2 + OH <=> H2O + O2
-3.191038e+01CH3 + OH => CH2O + H2
-3.883947e+01CH + H2 (+M) <=> CH3 (+M)
-4.828963e+01CH2 + O2 => CO2 + 2 H
-2.760846e+01CH2 + O2 <=> CH2O + O
-2.064197e+012 CH2 => C2H2 + 2 H
-3.225033e+01CH2(S) + H2O => CH2O + H2
-2.087158e+00C2H3 + O2 <=> CH2CHO + O
-6.353818e+00C2H3 + O2 <=> C2H2 + HO2
-5.624415e+00CH3CHO + O <=> CH2CHO + OH
-1.948926e+01CH3CHO + O => CH3 + CO + OH
7.089524e+00CH3CHO + O2 => CH3 + CO + HO2
-5.810816e+00CH3CHO + H <=> CH2CHO + H2
-1.967566e+01CH3CHO + H => CH3 + CO + H2
-2.578185e+01CH3CHO + OH => CH3 + CO + H2O
-1.014908e+01CH3CHO + HO2 => CH3 + CO + H2O2
-1.682584e+01CH3 + CH3CHO => CH3 + CH4 + CO
-5.825694e+00CH2CO + H (+M) <=> CH2CHO (+M)
-1.892546e+01CH2CHO + O => CH2 + CO2 + H
-4.007049e+01CH2CHO + O2 => CH2O + CO + OH
-7.765937e+00CH2CHO + O2 => 2 HCO + OH
-1.038752e+01CH2CHO + H <=> CH3 + HCO
-3.392835e+01CH2CHO + H <=> CH2CO + H2
-4.003454e+01CH2CHO + OH <=> CH2CO + H2O
-6.311585e+00CH2CHO + OH <=> CH2OH + HCO
-2.346853e+01C2H5 + CH3 (+M) <=> C3H8 (+M)
-5.848980e+00C3H8 + O <=> C3H7 + OH
-6.035381e+00C3H8 + H <=> C3H7 + H2
-1.214157e+01C3H8 + OH <=> C3H7 + H2O
-3.491205e+00C3H7 + H2O2 <=> C3H8 + HO2
-3.185558e+00C3H8 + CH3 <=> C3H7 + CH4
3.173887e+00C2H4 + CH3 (+M) <=> C3H7 (+M)
-4.197412e+01C3H7 + O <=> C2H5 + CH2O
-3.371867e+01C3H7 + H (+M) <=> C3H8 (+M)
-1.025014e+01C3H7 + H <=> C2H5 + CH3
-6.174200e+00C3H7 + OH <=> C2H5 + CH2OH
-2.072981e+01C3H7 + HO2 <=> C3H8 + O2
-2.346692e+01C3H7 + HO2 => C2H5 + CH2O + OH
-2.009437e+00C3H7 + CH3 <=> 2 C2H5
