#Dimensionless formation enthalpies of species (H/RT)

H2               2.48916
H                27.9482
O                31.7265
O2               2.73246
OH               7.24474
H2O             -25.9265
HO2              5.06482
H2O2            -11.7701
C                87.8668
CH               74.3249
CH2              50.5124
CH2(S)           54.9234
CH3              21.8104
CH4             -4.31044
CO              -10.6703
CO2             -43.2616
HCO              8.56825
CH2O             -8.8591
CH2OH            3.71214
CH3O             7.04562
CH3OH           -18.3088
C2H              72.0592
C2H2             32.3589
C2H3             41.4398
C2H4             12.4036
C2H5               21.25
C2H6            -2.32114
HCCO             26.5165
CH2CO           0.297078
HCCOH            15.8306
N                58.5486
NH               45.4047
NH2              26.3107
NH3             -1.58753
NNH              33.5283
NO               13.6411
NO2              8.04702
N2O              13.9213
HNO              16.2191
CN               55.3353
HCN              19.4545
H2CN              34.215
HCNN             60.8265
HCNO             25.7633
HOCN             3.46699
HNCO            -9.14053
NCO              20.0373
N2               2.58359
AR               1.75537
C3H7             22.4417
C3H8             -1.3464
CH2CHO           9.71619
CH3CHO          -12.5474
