#Dimensionless enthalpies of reactions (H/RT)

-60.7206    2 O + M <=> O2 + M
-52.43      H + O + M <=> OH + M
0.977265    H2 + O <=> H + OH
-26.8141    HO2 + O <=> O2 + OH
-7.64687    H2O2 + O <=> HO2 + OH
-88.7735    CH + O <=> CO + H
-45.7225    CH2 + O <=> H + HCO
-94.8311    CH2(S) + O <=> CO + H2
-50.1335    CH2(S) + O <=> H + HCO
-34.4478    CH3 + O <=> CH2O + H
1.63904     CH4 + O <=> CH3 + OH
-64.3178    CO + O (+M) <=> CO2 (+M)
-43.7203    HCO + O <=> CO + OH
-55.6081    HCO + O <=> CO2 + H
-7.05444    CH2O + O <=> HCO + OH
-37.053     CH2OH + O <=> CH2O + OH
-40.3865    CH3O + O <=> CH2O + OH
-2.46084    CH3OH + O <=> CH2OH + OH
0.872641    CH3OH + O <=> CH3O + OH
-40.1311    C2H + O <=> CH + CO
-9.62068    C2H2 + O <=> H + HCCO
15.2185     C2H2 + O <=> C2H + OH
-24.2433    C2H2 + O <=> CH2 + CO
-44.921     C2H3 + O <=> CH2CO + H
-13.7515    C2H4 + O <=> CH3 + HCO
-40.0252    C2H5 + O <=> CH2O + CH3
-0.910688   C2H6 + O <=> C2H5 + OH
-51.6353    HCCO + O <=> 2 CO + H
1.73763     CH2CO + O <=> HCCO + OH
-24.7728    CH2CO + O <=> CH2 + CO2
-3.59724    CO + O2 <=> CO2 + O
19.7597     CH2O + O2 <=> HCO + HO2
-25.6159    H + O2 + M <=> HO2 + M
-25.6159    H + 2 O2 <=> HO2 + O2
-25.6159    H + H2O + O2 <=> H2O + HO2
-25.6159    H + N2 + O2 <=> HO2 + N2
-25.6159    AR + H + O2 <=> AR + HO2
8.29059     H + O2 <=> O + OH
-53.4073    2 H + M <=> H2 + M
-53.4073    2 H + H2 <=> 2 H2
-53.4073    2 H + H2O <=> H2 + H2O
-53.4073    CO2 + 2 H <=> CO2 + H2
-61.1195    H + OH + M <=> H2O + M
-27.213     H + HO2 <=> H2O + O
-27.7914    H + HO2 <=> H2 + O2
-18.5236    H + HO2 <=> 2 OH
-8.62413    H + H2O2 <=> H2 + HO2
-34.8599    H + H2O2 <=> H2O + OH
-11.9171    CH + H <=> C + H2
-56.6502    CH2 + H (+M) <=> CH3 (+M)
-6.05756    CH2(S) + H <=> CH + H2
-54.069     CH3 + H (+M) <=> CH4 (+M)
0.661777    CH4 + H <=> CH3 + H2
-45.3756    H + HCO (+M) <=> CH2O (+M)
-44.6976    H + HCO <=> CO + H2
-15.377     CH2O + H (+M) <=> CH2OH (+M)
-12.0435    CH2O + H (+M) <=> CH3O (+M)
-8.03171    CH2O + H <=> H2 + HCO
-49.9692    CH2OH + H (+M) <=> CH3OH (+M)
-38.0303    CH2OH + H <=> CH2O + H2
-2.60522    CH2OH + H <=> CH3 + OH
-2.66347    CH2OH + H <=> CH2(S) + H2O
-53.3026    CH3O + H (+M) <=> CH3OH (+M)
-3.33348    CH3O + H <=> CH2OH + H
-41.3638    CH3O + H <=> CH2O + H2
-5.9387     CH3O + H <=> CH3 + OH
-5.99695    CH3O + H <=> CH2(S) + H2O
-3.4381     CH3OH + H <=> CH2OH + H2
-0.104624   CH3OH + H <=> CH3O + H2
-67.6485    C2H + H (+M) <=> C2H2 (+M)
-18.8673    C2H2 + H (+M) <=> C2H3 (+M)
-56.9844    C2H3 + H (+M) <=> C2H4 (+M)
-34.54      C2H3 + H <=> C2H2 + H2
-19.1019    C2H4 + H (+M) <=> C2H5 (+M)
3.57709     C2H4 + H <=> C2H3 + H2
-51.5193    C2H5 + H (+M) <=> C2H6 (+M)
-34.3054    C2H5 + H <=> C2H4 + H2
-1.88795    C2H6 + H <=> C2H5 + H2
-10.2116    H + HCCO <=> CH2(S) + CO
0.760362    CH2CO + H <=> H2 + HCCO
-17.1052    CH2CO + H <=> CH3 + CO
-15.5335    H + HCCOH <=> CH2CO + H
-0.677987   CO + H2 (+M) <=> CH2O (+M)
-7.71222    H2 + OH <=> H + H2O
-26.2596    2 OH (+M) <=> H2O2 (+M)
-8.68949    2 OH <=> H2O + O
-35.5036    HO2 + OH <=> H2O + O2
-16.3364    H2O2 + OH <=> H2O + HO2
-16.3364    H2O2 + OH <=> H2O + HO2
-77.8336    C + OH <=> CO + H
-45.0532    CH + OH <=> H + HCO
-38.668     CH2 + OH <=> CH2O + H
-9.35876    CH2 + OH <=> CH + H2O
-43.079     CH2(S) + OH <=> CH2O + H
-47.3639    CH3 + OH (+M) <=> CH3OH (+M)
-4.46928    CH3 + OH <=> CH2 + H2O
-0.058249   CH3 + OH <=> CH2(S) + H2O
-7.05044    CH4 + OH <=> CH3 + H2O
-11.8878    CO + OH <=> CO2 + H
-52.4098    HCO + OH <=> CO + H2O
-15.7439    CH2O + OH <=> H2O + HCO
-45.7425    CH2OH + OH <=> CH2O + H2O
-49.076     CH3O + OH <=> CH2O + H2O
-11.1503    CH3OH + OH <=> CH2OH + H2O
-7.81684    CH3OH + OH <=> CH3O + H2O
-24.8392    C2H + OH <=> H + HCCO
-11.3583    C2H2 + OH <=> CH2CO + H
4.17519     C2H2 + OH <=> H + HCCOH
6.52904     C2H2 + OH <=> C2H + H2O
-28.4635    C2H2 + OH <=> CH3 + CO
-42.2522    C2H3 + OH <=> C2H2 + H2O
-4.13513    C2H4 + OH <=> C2H3 + H2O
-9.60017    C2H6 + OH <=> C2H5 + H2O
-6.95186    CH2CO + OH <=> H2O + HCCO
-19.1673    2 HO2 <=> H2O2 + O2
-19.1673    2 HO2 <=> H2O2 + O2
-57.1916    CH2 + HO2 <=> CH2O + OH
-28.4532    CH3 + HO2 <=> CH4 + O2
-12.5849    CH3 + HO2 <=> CH3O + OH
-30.4114    CO + HO2 <=> CO2 + OH
0.592422    CH2O + HO2 <=> H2O2 + HCO
-69.543     C + O2 <=> CO + O
-38.3718    C + CH2 <=> C2H + H
-49.3702    C + CH3 <=> C2H2 + H
-36.7626    CH + O2 <=> HCO + O
1.64654     CH + H2 <=> CH2 + H
-29.3093    CH + H2O <=> CH2O + H
-64.5302    CH + CH2 <=> C2H2 + H
-26.7473    CH + CH3 <=> C2H3 + H
-29.6627    CH + CH4 <=> C2H4 + H
-37.1382    CH + CO (+M) <=> HCCO (+M)
-33.1654    CH + CO2 <=> CO + HCO
-37.2205    CH + CH2O <=> CH2CO + H
-79.1528    CH + HCCO <=> C2H2 + CO
-28.7222    CH2 + O2 => CO + H + OH
-3.24295    CH2 + H2 <=> CH3 + H
-66.1768    2 CH2 <=> C2H2 + H2
-31.971     CH2 + CH3 <=> C2H4 + H
-2.58117    CH2 + CH4 <=> 2 CH3
-39.5451    CH2 + CO (+M) <=> CH2CO (+M)
-46.2594    CH2 + HCCO <=> C2H3 + CO
-4.41103    CH2(S) + N2 <=> CH2 + N2
-4.41103    AR + CH2(S) <=> AR + CH2
-33.1332    CH2(S) + O2 <=> CO + H + OH
-94.2527    CH2(S) + O2 <=> CO + H2O
-7.65397    CH2(S) + H2 <=> CH3 + H
-47.3057    CH2(S) + H2O (+M) <=> CH3OH (+M)
-4.41103    CH2(S) + H2O <=> CH2 + H2O
-36.382     CH2(S) + CH3 <=> C2H4 + H
-6.9922     CH2(S) + CH4 <=> 2 CH3
-4.41103    CH2(S) + CO <=> CH2 + CO
-4.41103    CH2(S) + CO2 <=> CH2 + CO2
-31.1912    CH2(S) + CO2 <=> CH2O + CO
-9.54192    C2H6 + CH2(S) <=> C2H5 + CH3
14.2293     CH3 + O2 <=> CH3O + O
-26.1572    CH3 + O2 <=> CH2O + OH
-9.28591    CH3 + H2O2 <=> CH4 + HO2
-45.9419    2 CH3 (+M) <=> C2H6 (+M)
5.57739     2 CH3 <=> C2H5 + H
-45.3593    CH3 + HCO <=> CH4 + CO
-8.69348    CH2O + CH3 <=> CH4 + HCO
-4.09988    CH3 + CH3OH <=> CH2OH + CH4
-0.7664     CH3 + CH3OH <=> CH3O + CH4
2.91531     C2H4 + CH3 <=> C2H3 + CH4
-2.54973    C2H6 + CH3 <=> C2H5 + CH4
8.70969     H2O + HCO <=> CO + H + H2O
8.70969     HCO + M <=> CO + H + M
-16.9062    HCO + O2 <=> CO + HO2
-10.2389    CH2OH + O2 <=> CH2O + HO2
-13.5724    CH3O + O2 <=> CH2O + HO2
-76.8936    C2H + O2 <=> CO + HCO
-14.2413    C2H + H2 <=> C2H2 + H
-44.4631    C2H3 + O2 <=> CH2O + HCO
22.4444     C2H4 (+M) <=> C2H2 + H2 (+M)
-6.51399    C2H5 + O2 <=> C2H4 + HO2
-43.3448    HCCO + O2 <=> 2 CO + OH
-42.0147    2 HCCO <=> C2H2 + 2 CO
-37.8796    N + NO <=> N2 + O
-15.9134    N + O2 <=> NO + O
-24.204     N + OH <=> H + NO
-40.3317    N2O + O <=> N2 + O2
-18.3656    N2O + O <=> 2 NO
-32.0411    H + N2O <=> N2 + OH
-13.5176    N2O + OH <=> HO2 + N2
20.3889     N2O (+M) <=> N2 + O (+M)
-3.41414    HO2 + NO <=> NO2 + OH
-37.3206    NO + O + M <=> NO2 + M
-23.4       NO2 + O <=> NO + O2
-15.1094    H + NO2 <=> NO + OH
-35.5419    NH + O <=> H + NO
-12.3152    H + NH <=> H2 + N
-8.48218    NH + OH <=> H + HNO
-20.0274    NH + OH <=> H2O + N
-0.191588   NH + O2 <=> HNO + O
-27.2514    NH + O2 <=> NO + OH
-73.4215    N + NH <=> H + N2
-0.769954   H2O + NH <=> H2 + HNO
-49.2175    NH + NO <=> N2 + OH
-17.1763    NH + NO <=> H + N2O
-5.38773    NH2 + O <=> NH + OH
-13.8699    NH2 + O <=> H + HNO
-6.36499    H + NH2 <=> H2 + NH
-14.0772    NH2 + OH <=> H2O + NH
-2.99652    NNH <=> H + N2
-2.99652    NNH + M <=> H + N2 + M
-28.6124    NNH + O2 <=> HO2 + N2
-55.4265    NNH + O <=> N2 + OH
-6.20905    NNH + O <=> NH + NO
-56.4038    H + NNH <=> H2 + N2
-64.116     NNH + OH <=> H2O + N2
-57.0656    CH3 + NNH <=> CH4 + N2
-25.3702    H + NO + M <=> HNO + M
-27.0598    HNO + O <=> NO + OH
-28.037     H + HNO <=> H2 + NO
-35.7493    HNO + OH <=> H2O + NO
-0.245622   HNO + O2 <=> HO2 + NO
-39.1835    CN + O <=> CO + N
-14.5946    CN + OH <=> H + NCO
-2.70953    CN + H2O <=> HCN + OH
-6.30397    CN + O2 <=> NCO + O
-10.4218    CN + H2 <=> H + HCN
-48.793     NCO + O <=> CO + NO
-13.251     H + NCO <=> CO + NH
3.63701     NCO + OH <=> CO + H + NO
-86.6725    N + NCO <=> CO + N2
-52.3902    NCO + O2 <=> CO2 + NO
27.841      NCO + M <=> CO + N + M
-30.4274    NCO + NO <=> CO + N2O
-74.3563    NCO + NO <=> CO2 + N2
63.829      HCN + M <=> CN + H + M
-3.19555    HCN + O <=> H + NCO
-16.4466    HCN + O <=> CO + NH
11.399      HCN + O <=> CN + OH
4.71595     HCN + OH <=> H + HOCN
-7.89157    HCN + OH <=> H + HNCO
-11.0589    HCN + OH <=> CO + NH2
-13.1877    H + HCN (+M) <=> H2CN (+M)
-39.6676    H2CN + N <=> CH2 + N2
23.4335     C + N2 <=> CN + N
1.0946      CH + N2 <=> HCN + N
-16.082     CH + N2 (+M) <=> HCNN (+M)
11.7632     CH2 + N2 <=> HCN + NH
7.35222     CH2(S) + N2 <=> HCN + NH
-14.4461    C + NO <=> CN + O
-53.6296    C + NO <=> CO + N
-36.785     CH + NO <=> HCN + O
-39.9805    CH + NO <=> H + NCO
-20.8492    CH + NO <=> HCO + N
-45.3458    CH2 + NO <=> H + HNCO
-37.4542    CH2 + NO <=> HCN + OH
-10.4419    CH2 + NO <=> H + HCNO
-49.7568    CH2(S) + NO <=> H + HNCO
-41.8653    CH2(S) + NO <=> HCN + OH
-14.853     CH2(S) + NO <=> H + HCNO
-41.9235    CH3 + NO <=> H2O + HCN
6.00828     CH3 + NO <=> H2CN + OH
-72.6915    HCNN + O <=> CO + H + N2
-59.4574    HCNN + O <=> HCN + NO
-20.6806    HCNN + O2 <=> HCO + N2 + O
-28.9712    HCNN + OH <=> H + HCO + N2
-35.6787    H + HCNN <=> CH2 + N2
-20.4429    HNCO + O <=> CO2 + NH
-17.0372    HNCO + O <=> CO + HNO
4.69602     HNCO + O <=> NCO + OH
-3.1673     H + HNCO <=> CO + NH2
3.71876     H + HNCO <=> H2 + NCO
-3.99346    HNCO + OH <=> H2O + NCO
-15.0551    HNCO + OH <=> CO2 + NH2
43.875      HNCO + M <=> CO + NH + M
-34.9039    H + HCNO <=> H + HNCO
-27.0123    H + HCNO <=> HCN + OH
-38.0711    H + HCNO <=> CO + NH2
-12.6075    H + HOCN <=> H + HNCO
-25.0645    HCCO + NO <=> CO + HCNO
-18.1958    CH3 + N <=> H + H2CN
-58.4153    CH3 + N <=> H2 + HCN
2.43913     H + NH3 <=> H2 + NH2
-5.27309    NH3 + OH <=> H2O + NH2
3.41639     NH3 + O <=> NH2 + OH
3.40565     CO2 + NH <=> CO + HNO
-29.704     CN + NO2 <=> NCO + NO
-57.4246    NCO + NO2 <=> CO2 + N2O
-12.3162    CO2 + N <=> CO + NO
-33.7698    CH3 + O => CO + H + H2
-6.46574    C2H4 + O <=> CH2CHO + H
-37.5757    C2H5 + O <=> CH3CHO + H
-35.5036    HO2 + OH <=> H2O + O2
-35.4251    CH3 + OH => CH2O + H2
-55.0037    CH + H2 (+M) <=> CH3 (+M)
-40.61      CH2 + O2 => CO2 + 2 H
-30.3774    CH2 + O2 <=> CH2O + O
-12.7695    2 CH2 => C2H2 + 2 H
-35.3668    CH2(S) + H2O => CH2O + H2
-2.72951    C2H3 + O2 <=> CH2CHO + O
-6.74854    C2H3 + O2 <=> C2H2 + HO2
-2.21818    CH3CHO + O <=> CH2CHO + OH
-0.794236   CH3CHO + O => CH3 + CO + OH
26.0199     CH3CHO + O2 => CH3 + CO + HO2
-3.19544    CH3CHO + H <=> CH2CHO + H2
-1.7715     CH3CHO + H => CH3 + CO + H2
-9.48372    CH3CHO + OH => CH3 + CO + H2O
6.85263     CH3CHO + HO2 => CH3 + CO + H2O2
-2.43328    CH3 + CH3CHO => CH3 + CH4 + CO
-18.5291    CH2CO + H (+M) <=> CH2CHO (+M)
-6.24367    CH2CHO + O => CH2 + CO2 + H
-24.7333    CH2CHO + O2 => CH2O + CO + OH
11.9326     CH2CHO + O2 => 2 HCO + OH
-7.28575    CH2CHO + H <=> CH3 + HCO
-34.8782    CH2CHO + H <=> CH2CO + H2
-42.5904    CH2CHO + OH <=> CH2CO + H2O
-4.68053    CH2CHO + OH <=> CH2OH + HCO
-44.4068    C2H5 + CH3 (+M) <=> C3H8 (+M)
-0.693644   C3H8 + O <=> C3H7 + OH
-1.67091    C3H8 + H <=> C3H7 + H2
-9.38313    C3H8 + OH <=> C3H7 + H2O
-6.95322    C3H7 + H2O2 <=> C3H8 + HO2
-2.33269    C3H8 + CH3 <=> C3H7 + CH4
-11.7723    C2H4 + CH3 (+M) <=> C3H7 (+M)
-41.7774    C3H7 + O <=> C2H5 + CH2O
-51.7364    C3H7 + H (+M) <=> C3H8 (+M)
-7.3296     C3H7 + H <=> C2H5 + CH3
-4.72437    C3H7 + OH <=> C2H5 + CH2OH
-26.1205    C3H7 + HO2 <=> C3H8 + O2
-7.87096    C3H7 + HO2 => C2H5 + CH2O + OH
-1.75221    C3H7 + CH3 <=> 2 C2H5
