#Equilibrium constants of reactions

3.127141e+212 O + M <=> O2 + M
1.254763e+19H + O + M <=> OH + M
8.299411e-01H2 + O <=> H + OH
3.491572e+11HO2 + O <=> O2 + OH
1.138651e+04H2O2 + O <=> HO2 + OH
7.960860e+36CH + O <=> CO + H
1.125358e+19CH2 + O <=> H + HCO
1.252213e+40CH2(S) + O <=> CO + H2
2.101510e+21CH2(S) + O <=> H + HCO
5.991716e+13CH3 + O <=> CH2O + H
1.434529e+01CH4 + O <=> CH3 + OH
8.046236e+21CO + O (+M) <=> CO2 (+M)
4.945316e+18HCO + O <=> CO + OH
3.171211e+21HCO + O <=> CO2 + H
4.618541e+04CH2O + O <=> HCO + OH
3.529457e+15CH2OH + O <=> CH2O + OH
1.454850e+18CH3O + O <=> CH2O + OH
6.987380e+02CH3OH + O <=> CH2OH + OH
1.695135e+00CH3OH + O <=> CH3O + OH
1.923592e+17C2H + O <=> CH + CO
2.123613e+04C2H2 + O <=> H + HCCO
1.436124e-05C2H2 + O <=> C2H + OH
3.951666e+11C2H2 + O <=> CH2 + CO
9.056705e+17C2H3 + O <=> CH2CO + H
8.130405e+07C2H4 + O <=> CH3 + HCO
2.272173e+17C2H5 + O <=> CH2O + CH3
3.674008e+02C2H6 + O <=> C2H5 + OH
8.253307e+25HCCO + O <=> 2 CO + H
4.704942e+00CH2CO + O <=> HCCO + OH
5.614231e+10CH2CO + O <=> CH2 + CO2
2.573033e+00CO + O2 <=> CO2 + O
1.322768e-07CH2O + O2 <=> HCO + HO2
3.593691e+07H + O2 + M <=> HO2 + M
3.593691e+07H + 2 O2 <=> HO2 + O2
3.593691e+07H + H2O + O2 <=> H2O + HO2
3.593691e+07H + N2 + O2 <=> HO2 + N2
3.593691e+07AR + H + O2 <=> AR + HO2
4.012493e-03H + O2 <=> O + OH
1.511870e+192 H + M <=> H2 + M
1.511870e+192 H + H2 <=> 2 H2
1.511870e+192 H + H2O <=> H2 + H2O
1.511870e+19CO2 + 2 H <=> CO2 + H2
6.782644e+21H + OH + M <=> H2O + M
7.573081e+11H + HO2 <=> H2O + O
4.207012e+11H + HO2 <=> H2 + O2
1.400991e+09H + HO2 <=> 2 OH
1.371967e+04H + H2O2 <=> H2 + HO2
8.623100e+15H + H2O2 <=> H2O + OH
4.702032e+04CH + H <=> C + H2
5.102658e+19CH2 + H (+M) <=> CH3 (+M)
1.572962e+03CH2(S) + H <=> CH + H2
8.746862e+17CH3 + H (+M) <=> CH4 (+M)
1.728471e+01CH4 + H <=> CH3 + H2
2.716795e+14H + HCO (+M) <=> CH2O (+M)
5.958635e+18H + HCO <=> CO + H2
3.555116e+03CH2O + H (+M) <=> CH2OH (+M)
8.624691e+00CH2O + H (+M) <=> CH3O (+M)
5.564902e+04CH2O + H <=> H2 + HCO
1.795756e+16CH2OH + H (+M) <=> CH3OH (+M)
4.252660e+15CH2OH + H <=> CH2O + H2
5.890562e+01CH2OH + H <=> CH3 + OH
4.192939e+01CH2OH + H <=> CH2(S) + H2O
7.402144e+18CH3O + H (+M) <=> CH3OH (+M)
4.122021e+02CH3O + H <=> CH2OH + H
1.752955e+18CH3O + H <=> CH2O + H2
2.428102e+04CH3O + H <=> CH3 + OH
1.728338e+04CH3O + H <=> CH2(S) + H2O
8.419128e+02CH3OH + H <=> CH2OH + H2
2.042476e+00CH3OH + H <=> CH3O + H2
8.737148e+23C2H + H (+M) <=> C2H2 (+M)
6.253346e+04C2H2 + H (+M) <=> C2H3 (+M)
1.006282e+19C2H3 + H (+M) <=> C2H4 (+M)
2.417697e+14C2H3 + H <=> C2H2 + H2
9.721372e+04C2H4 + H (+M) <=> C2H5 (+M)
1.502432e+00C2H4 + H <=> C2H3 + H2
3.415242e+16C2H5 + H (+M) <=> C2H6 (+M)
1.555202e+14C2H5 + H <=> C2H4 + H2
4.426830e+02C2H6 + H <=> C2H5 + H2
9.964697e+04H + HCCO <=> CH2(S) + CO
5.669008e+00CH2CO + H <=> H2 + HCCO
3.560360e+08CH2CO + H <=> CH3 + CO
5.749455e+06H + HCCOH <=> CH2CO + H
4.559425e-05CO + H2 (+M) <=> CH2O (+M)
4.486262e+02H2 + OH <=> H + H2O
7.865668e+052 OH (+M) <=> H2O2 (+M)
5.405519e+022 OH <=> H2O + O
1.887376e+14HO2 + OH <=> H2O + O2
6.155002e+06H2O2 + OH <=> H2O + HO2
6.155002e+06H2O2 + OH <=> H2O + HO2
2.039986e+32C + OH <=> CO + H
1.609778e+18CH + OH <=> H + HCO
2.436610e+14CH2 + OH <=> CH2O + H
3.778872e+03CH2 + OH <=> CH + H2O
4.550161e+16CH2(S) + OH <=> CH2O + H
3.048531e+14CH3 + OH (+M) <=> CH3OH (+M)
1.329238e+02CH3 + OH <=> CH2 + H2O
7.118063e-01CH3 + OH <=> CH2(S) + H2O
7.754375e+03CH4 + OH <=> CH3 + H2O
6.412555e+02CO + OH <=> CO2 + H
2.673200e+21HCO + OH <=> CO + H2O
2.496561e+07CH2O + OH <=> H2O + HCO
1.907855e+18CH2OH + OH <=> CH2O + H2O
7.864217e+20CH3O + OH <=> CH2O + H2O
3.777041e+05CH3OH + OH <=> CH2OH + H2O
9.163081e+02CH3OH + OH <=> CH3O + H2O
1.478711e+09C2H + OH <=> H + HCCO
4.513579e+03C2H2 + OH <=> CH2CO + H
7.850446e-04C2H2 + OH <=> H + HCCOH
7.762996e-03C2H2 + OH <=> C2H + H2O
1.606997e+12C2H2 + OH <=> CH3 + CO
1.084642e+17C2H3 + OH <=> C2H2 + H2O
6.740303e+02C2H4 + OH <=> C2H3 + H2O
1.985992e+05C2H6 + OH <=> C2H5 + H2O
2.543265e+03CH2CO + OH <=> H2O + HCCO
3.066410e+072 HO2 <=> H2O2 + O2
3.066410e+072 HO2 <=> H2O2 + O2
3.413667e+23CH2 + HO2 <=> CH2O + OH
2.433949e+10CH3 + HO2 <=> CH4 + O2
5.769900e+04CH3 + HO2 <=> CH3O + OH
8.983929e+11CO + HO2 <=> CO2 + OH
4.056150e+00CH2O + HO2 <=> H2O2 + HCO
8.185428e+29C + O2 <=> CO + O
7.413766e+15C + CH2 <=> C2H + H
1.269440e+20C + CH3 <=> C2H2 + H
6.459222e+15CH + O2 <=> HCO + O
1.187196e-01CH + H2 <=> CH2 + H
6.447981e+10CH + H2O <=> CH2O + H
2.014558e+25CH + CH2 <=> C2H2 + H
2.468856e+10CH + CH3 <=> C2H3 + H
2.840294e+11CH + CH4 <=> C2H4 + H
9.645661e+10CH + CO (+M) <=> HCCO (+M)
2.510353e+15CH + CO2 <=> CO + HCO
3.731770e+14CH + CH2O <=> CH2CO + H
3.748734e+32CH + HCCO <=> C2H2 + CO
1.779661e+16CH2 + O2 => CO + H + OH
3.375064e+00CH2 + H2 <=> CH3 + H
1.696904e+262 CH2 <=> C2H2 + H2
1.384135e+11CH2 + CH3 <=> C2H4 + H
5.833701e+01CH2 + CH4 <=> 2 CH3
1.433186e+11CH2 + CO (+M) <=> CH2CO (+M)
1.306051e+19CH2 + HCCO <=> C2H3 + CO
1.867415e+02CH2(S) + N2 <=> CH2 + N2
1.867415e+02AR + CH2(S) <=> AR + CH2
3.323366e+18CH2(S) + O2 <=> CO + H + OH
2.254121e+40CH2(S) + O2 <=> CO + H2O
6.302644e+02CH2(S) + H2 <=> CH3 + H
4.282809e+14CH2(S) + H2O (+M) <=> CH3OH (+M)
1.867415e+02CH2(S) + H2O <=> CH2 + H2O
2.584755e+13CH2(S) + CH3 <=> C2H4 + H
1.089394e+04CH2(S) + CH4 <=> 2 CH3
1.867415e+02CH2(S) + CO <=> CH2 + CO
1.867415e+02CH2(S) + CO2 <=> CH2 + CO2
7.095707e+13CH2(S) + CO2 <=> CH2O + CO
2.790074e+05C2H6 + CH2(S) <=> C2H5 + CH3
1.652522e-07CH3 + O2 <=> CH3O + O
2.404171e+11CH3 + O2 <=> CH2O + OH
7.937457e+02CH3 + H2O2 <=> CH4 + HO2
9.005986e+122 CH3 (+M) <=> C2H6 (+M)
2.636998e-042 CH3 <=> C2H5 + H
3.447344e+17CH3 + HCO <=> CH4 + CO
3.219552e+03CH2O + CH3 <=> CH4 + HCO
4.870852e+01CH3 + CH3OH <=> CH2OH + CH4
1.181666e-01CH3 + CH3OH <=> CH3O + CH4
8.692258e-02C2H4 + CH3 <=> C2H3 + CH4
2.561125e+01C2H6 + CH3 <=> C2H5 + CH4
3.941235e-01H2O + HCO <=> CO + H + H2O
3.941235e-01HCO + M <=> CO + H + M
1.416358e+07HCO + O2 <=> CO + HO2
1.010850e+04CH2OH + O2 <=> CH2O + HO2
4.166747e+06CH3O + O2 <=> CH2O + HO2
1.242491e+33C2H + O2 <=> CO + HCO
5.779035e+04C2H + H2 <=> C2H2 + H
1.567601e+19C2H3 + O2 <=> CH2O + HCO
2.402604e-05C2H4 (+M) <=> C2H2 + H2 (+M)
3.696691e+02C2H5 + O2 <=> C2H4 + HO2
3.311633e+23HCCO + O2 <=> 2 CO + OH
3.886446e+212 HCCO <=> C2H2 + 2 CO
6.579126e+15N + NO <=> N2 + O
4.022567e+07N + O2 <=> NO + O
1.002511e+10N + OH <=> H + NO
8.477643e+17N2O + O <=> N2 + O2
5.183346e+09N2O + O <=> 2 NO
3.401648e+15H + N2O <=> N2 + OH
2.428031e+06N2O + OH <=> HO2 + N2
2.710989e-04N2O (+M) <=> N2 + O (+M)
6.619253e+00HO2 + NO <=> NO2 + OH
5.928371e+10NO + O + M <=> NO2 + M
5.274873e+10NO2 + O <=> NO + O2
2.116539e+08H + NO2 <=> NO + OH
4.233056e+14NH + O <=> H + NO
5.087656e+04H + NH <=> H2 + N
1.597803e+02NH + OH <=> H + HNO
2.282456e+07NH + OH <=> H2O + N
6.411172e-01NH + O2 <=> HNO + O
1.698511e+12NH + O2 <=> NO + OH
2.784981e+30N + NH <=> H + N2
3.561546e-01H2O + NH <=> H2 + HNO
2.778007e+20NH + NO <=> N2 + OH
8.166649e+04NH + NO <=> H + N2O
7.169249e+02NH2 + O <=> NH + OH
1.145505e+05NH2 + O <=> H + HNO
8.638263e+02H + NH2 <=> H2 + NH
3.875351e+05NH2 + OH <=> H2O + NH
2.052914e+04NNH <=> H + N2
2.052914e+04NNH + M <=> H + N2 + M
7.377537e+11NNH + O2 <=> HO2 + N2
2.575920e+23NNH + O <=> N2 + OH
9.272549e+02NNH + O <=> NH + NO
3.103739e+23H + NNH <=> H2 + N2
1.392418e+26NNH + OH <=> H2O + N2
1.795655e+22CH3 + NNH <=> CH4 + N2
4.736209e+06H + NO + M <=> HNO + M
2.649298e+12HNO + O <=> NO + OH
3.192152e+12H + HNO <=> H2 + NO
1.432083e+15HNO + OH <=> H2O + NO
7.587695e+00HNO + O2 <=> HO2 + NO
2.046500e+16CN + O <=> CO + N
6.726388e+04CN + OH <=> H + NCO
1.678493e+01CN + H2O <=> HCN + OH
2.698958e+02CN + O2 <=> NCO + O
7.530160e+03CN + H2 <=> H + HCN
3.050134e+21NCO + O <=> CO + NO
7.205511e+06H + NCO <=> CO + NH
2.430844e+02NCO + OH <=> CO + H + NO
2.006721e+37N + NCO <=> CO + N2
7.848094e+21NCO + O2 <=> CO2 + NO
2.424757e-08NCO + M <=> CO + N + M
5.884488e+11NCO + NO <=> CO + N2O
1.283598e+30NCO + NO <=> CO2 + N2
8.783779e-24HCN + M <=> CN + H + M
7.413529e+00HCN + O <=> H + NCO
5.341827e+07HCN + O <=> CO + NH
1.102156e-04HCN + O <=> CN + OH
5.070448e-04HCN + OH <=> H + HOCN
1.622950e+02HCN + OH <=> H + HNCO
7.451027e+04HCN + OH <=> CO + NH2
9.819528e+01H + HCN (+M) <=> H2CN (+M)
3.415847e+17H2CN + N <=> CH2 + N2
1.511326e-10C + N2 <=> CN + N
5.351160e-02CH + N2 <=> HCN + N
2.662299e+02CH + N2 (+M) <=> HCNN (+M)
8.859468e-06CH2 + N2 <=> HCN + NH
1.654430e-03CH2(S) + N2 <=> HCN + NH
9.943204e+05C + NO <=> CN + O
2.034877e+22C + NO <=> CO + N
3.520596e+14CH + NO <=> HCN + O
2.610004e+15CH + NO <=> H + NCO
1.605746e+08CH + NO <=> HCO + N
3.994349e+17CH2 + NO <=> H + HNCO
2.461166e+15CH2 + NO <=> HCN + OH
4.589994e+02CH2 + NO <=> H + HCNO
7.459106e+19CH2(S) + NO <=> H + HNCO
4.596018e+17CH2(S) + NO <=> HCN + OH
8.571422e+04CH2(S) + NO <=> H + HCNO
3.271475e+17CH3 + NO <=> H2O + HCN
4.736256e-03CH3 + NO <=> H2CN + OH
2.990221e+34HCNN + O <=> CO + H + N2
2.528377e+25HCNN + O <=> HCN + NO
2.426182e+13HCNN + O2 <=> HCO + N2 + O
6.046571e+15HCNN + OH <=> H + HCO + N2
6.741866e+15H + HCNN <=> CH2 + N2
2.110648e+08HNCO + O <=> CO2 + NH
5.259058e+07HNCO + O <=> CO + HNO
4.567935e-02HNCO + O <=> NCO + OH
4.591040e+02H + HNCO <=> CO + NH2
5.503927e-02H + HNCO <=> H2 + NCO
2.469206e+01HNCO + OH <=> H2O + NCO
2.944029e+05HNCO + OH <=> CO2 + NH2
2.623150e-14HNCO + M <=> CO + NH + M
8.702298e+14H + HCNO <=> H + HNCO
5.362025e+12H + HCNO <=> HCN + OH
3.995259e+17H + HCNO <=> CO + NH2
3.200801e+05H + HOCN <=> H + HNCO
8.541162e+09HCCO + NO <=> CO + HCNO
4.748147e+07CH3 + N <=> H + H2CN
7.310515e+24CH3 + N <=> H2 + HCN
9.746155e-01H + NH3 <=> H2 + NH2
4.372380e+02NH3 + OH <=> H2O + NH2
8.088734e-01NH3 + O <=> NH2 + OH
2.491679e-01CO2 + NH <=> CO + HNO
1.423666e+13CN + NO2 <=> NCO + NO
7.986676e+22NCO + NO2 <=> CO2 + N2O
1.563356e+07CO2 + N <=> CO + NO
1.314138e+18CH3 + O => CO + H + H2
2.505352e+03C2H4 + O <=> CH2CHO + H
1.166945e+15C2H5 + O <=> CH3CHO + H
1.887376e+14HO2 + OH <=> H2O + O2
7.219447e+13CH3 + OH => CH2O + H2
6.057855e+18CH + H2 (+M) <=> CH3 (+M)
1.141218e+19CH2 + O2 => CO2 + 2 H
9.776878e+11CH2 + O2 <=> CH2O + O
1.122388e+072 CH2 => C2H2 + 2 H
1.014243e+14CH2(S) + H2O => CH2O + H2
8.061967e+00C2H3 + O2 <=> CH2CHO + O
5.746828e+02C2H3 + O2 <=> C2H2 + HO2
2.771102e+02CH3CHO + O <=> CH2CHO + OH
3.544282e+06CH3CHO + O => CH3 + CO + OH
1.015097e-05CH3CHO + O2 => CH3 + CO + HO2
3.338915e+02CH3CHO + H <=> CH2CHO + H2
4.270523e+06CH3CHO + H => CH3 + CO + H2
1.915868e+09CH3CHO + OH => CH3 + CO + H2O
3.112702e+02CH3CHO + HO2 => CH3 + CO + H2O2
2.470694e+05CH3 + CH3CHO => CH3 + CH4 + CO
2.783673e+04CH2CO + H (+M) <=> CH2CHO (+M)
2.016843e+06CH2CHO + O => CH2 + CO2 + H
3.074972e+15CH2CHO + O2 => CH2O + CO + OH
2.871785e+01CH2CHO + O2 => 2 HCO + OH
3.245214e+04CH2CHO + H <=> CH3 + HCO
5.431205e+14CH2CHO + H <=> CH2CO + H2
2.436581e+17CH2CHO + OH <=> CH2CO + H2O
5.509176e+02CH2CHO + OH <=> CH2OH + HCO
1.278805e+12C2H5 + CH3 (+M) <=> C3H8 (+M)
3.468804e+02C3H8 + O <=> C3H7 + OH
4.179578e+02C3H8 + H <=> C3H7 + H2
1.875068e+05C3H8 + OH <=> C3H7 + H2O
3.282548e+01C3H7 + H2O2 <=> C3H8 + HO2
2.418078e+01C3H8 + CH3 <=> C3H7 + CH4
3.436765e+00C2H4 + CH3 (+M) <=> C3H7 (+M)
1.694841e+18C3H7 + O <=> C2H5 + CH2O
3.617279e+16C3H7 + H (+M) <=> C3H8 (+M)
2.828640e+04C3H7 + H <=> C2H5 + CH3
4.801987e+02C3H7 + OH <=> C2H5 + CH2OH
1.006564e+09C3H7 + HO2 <=> C3H8 + O2
1.892354e+08C3H7 + HO2 => C2H5 + CH2O + OH
7.459117e+00C3H7 + CH3 <=> 2 C2H5
