#Forward rate constants of reactions

2.043260e+062 O + M <=> O2 + M
7.818596e+06H + O + M <=> OH + M
2.099689e+08H2 + O <=> H + OH
2.000000e+10HO2 + O <=> O2 + OH
1.291772e+09H2O2 + O <=> HO2 + OH
5.700000e+10CH + O <=> CO + H
8.000000e+10CH2 + O <=> H + HCO
1.500000e+10CH2(S) + O <=> CO + H2
1.500000e+10CH2(S) + O <=> H + HCO
5.060000e+10CH3 + O <=> CH2O + H
4.281912e+08CH4 + O <=> CH3 + OH
2.030394e+06CO + O (+M) <=> CO2 (+M)
3.000000e+10HCO + O <=> CO + OH
3.000000e+10HCO + O <=> CO2 + H
6.579403e+09CH2O + O <=> HCO + OH
1.000000e+10CH2OH + O <=> CH2O + OH
1.000000e+10CH3O + O <=> CH2O + OH
2.588825e+09CH3OH + O <=> CH2OH + OH
3.337281e+08CH3OH + O <=> CH3O + OH
5.000000e+10C2H + O <=> CH + CO
5.204516e+09C2H2 + O <=> H + HCCO
1.292929e+06C2H2 + O <=> C2H + OH
2.675507e+09C2H2 + O <=> CH2 + CO
3.000000e+10C2H3 + O <=> CH2CO + H
3.464754e+09C2H4 + O <=> CH3 + HCO
2.240000e+10C2H5 + O <=> CH2O + CH3
2.963659e+09C2H6 + O <=> C2H5 + OH
1.000000e+11HCCO + O <=> 2 CO + H
1.792185e+08CH2CO + O <=> HCCO + OH
8.877617e+08CH2CO + O <=> CH2 + CO2
9.160140e-02CO + O2 <=> CO2 + O
1.848902e+02CH2O + O2 <=> HCO + HO2
2.559558e+07H + O2 + M <=> HO2 + M
3.958449e+09H + 2 O2 <=> HO2 + O2
5.904845e+10H + H2O + O2 <=> H2O + HO2
4.948062e+09H + N2 + O2 <=> HO2 + N2
2.784523e+09AR + H + O2 <=> AR + HO2
4.901644e+07H + O2 <=> O + OH
8.687329e+062 H + M <=> H2 + M
1.425549e+092 H + H2 <=> 2 H2
1.065635e+102 H + H2O <=> H2 + H2O
5.489016e+08CO2 + 2 H <=> CO2 + H2
2.466820e+08H + OH + M <=> H2O + M
2.833303e+09H + HO2 <=> H2O + O
2.618814e+10H + HO2 <=> H2 + O2
6.104380e+10H + HO2 <=> 2 OH
8.878760e+08H + H2O2 <=> H2 + HO2
1.636900e+09H + H2O2 <=> H2O + OH
1.650000e+11CH + H <=> C + H2
3.065273e+09CH2 + H (+M) <=> CH3 (+M)
3.000000e+10CH2(S) + H <=> CH + H2
3.457200e+10CH3 + H (+M) <=> CH4 (+M)
2.058642e+08CH4 + H <=> CH3 + H2
4.931200e+08H + HCO (+M) <=> CH2O (+M)
7.340000e+10H + HCO <=> CO + H2
1.101416e+08CH2O + H (+M) <=> CH2OH (+M)
6.619457e+06CH2O + H (+M) <=> CH3O (+M)
7.262457e+09CH2O + H <=> H2 + HCO
4.961409e+08CH2OH + H (+M) <=> CH3OH (+M)
2.000000e+10CH2OH + H <=> CH2O + H2
1.697348e+10CH2OH + H <=> CH3 + OH
1.296150e+10CH2OH + H <=> CH2(S) + H2O
2.713832e+08CH3O + H (+M) <=> CH3OH (+M)
1.226575e+09CH3O + H <=> CH2OH + H
2.000000e+10CH3O + H <=> CH2O + H2
5.015616e+10CH3O + H <=> CH3 + OH
3.123140e+10CH3O + H <=> CH2(S) + H2O
2.938375e+09CH3OH + H <=> CH2OH + H2
7.259515e+08CH3OH + H <=> CH3O + H2
1.453217e+10C2H + H (+M) <=> C2H2 (+M)
3.609972e+08C2H2 + H (+M) <=> C2H3 (+M)
5.239261e+09C2H3 + H (+M) <=> C2H4 (+M)
3.000000e+10C2H3 + H <=> C2H2 + H2
8.167836e+08C2H4 + H (+M) <=> C2H5 (+M)
1.098980e+08C2H4 + H <=> C2H3 + H2
3.254013e+10C2H5 + H (+M) <=> C2H6 (+M)
2.000000e+09C2H5 + H <=> C2H4 + H2
1.310748e+09C2H6 + H <=> C2H5 + H2
1.000000e+11H + HCCO <=> CH2(S) + CO
8.960924e+08CH2CO + H <=> H2 + HCCO
2.016754e+09CH2CO + H <=> CH3 + CO
1.000000e+10H + HCCOH <=> CH2CO + H
7.529312e-10CO + H2 (+M) <=> CH2O (+M)
1.306914e+09H2 + OH <=> H + H2O
1.128807e+082 OH (+M) <=> H2O2 (+M)
1.638250e+092 OH <=> H2O + O
1.864368e+10HO2 + OH <=> H2O + O2
1.613631e+09H2O2 + OH <=> H2O + HO2
6.448331e+08H2O2 + OH <=> H2O + HO2
5.000000e+10C + OH <=> CO + H
3.000000e+10CH + OH <=> H + HCO
2.000000e+10CH2 + OH <=> CH2O + H
2.505908e+09CH2 + OH <=> CH + H2O
3.000000e+10CH2(S) + OH <=> CH2O + H
7.120139e+09CH3 + OH (+M) <=> CH3OH (+M)
2.320328e+08CH3 + OH <=> CH2 + H2O
3.012553e+10CH3 + OH <=> CH2(S) + H2O
1.316782e+09CH4 + OH <=> CH3 + H2O
2.222578e+08CO + OH <=> CO2 + H
5.000000e+10HCO + OH <=> CO + H2O
1.490729e+10CH2O + OH <=> H2O + HCO
5.000000e+09CH2OH + OH <=> CH2O + H2O
5.000000e+09CH3O + OH <=> CH2O + H2O
2.201027e+09CH3OH + OH <=> CH2OH + H2O
2.969737e+09CH3OH + OH <=> CH3O + H2O
2.000000e+10C2H + OH <=> H + HCCO
1.144819e+07C2H2 + OH <=> CH2CO + H
4.529105e+06C2H2 + OH <=> H + HCCOH
2.964271e+07C2H2 + OH <=> C2H + H2O
1.325372e+06C2H2 + OH <=> CH3 + CO
5.000000e+09C2H3 + OH <=> C2H2 + H2O
1.026485e+09C2H4 + OH <=> C2H3 + H2O
5.247819e+09C2H6 + OH <=> C2H5 + H2O
2.744144e+09CH2CO + OH <=> H2O + HCCO
2.949963e+082 HO2 <=> H2O2 + O2
1.007682e+092 HO2 <=> H2O2 + O2
2.000000e+10CH2 + HO2 <=> CH2O + OH
1.000000e+09CH3 + HO2 <=> CH4 + O2
3.780000e+10CH3 + HO2 <=> CH3O + OH
1.055773e+06CO + HO2 <=> CO2 + OH
1.346264e+07CH2O + HO2 <=> H2O2 + HCO
4.341817e+10C + O2 <=> CO + O
5.000000e+10C + CH2 <=> C2H + H
5.000000e+10C + CH3 <=> C2H2 + H
6.710000e+10CH + O2 <=> HCO + O
2.261655e+10CH + H2 <=> CH2 + H
8.345899e+09CH + H2O <=> CH2O + H
4.000000e+10CH + CH2 <=> C2H2 + H
3.000000e+10CH + CH3 <=> C2H3 + H
6.000000e+10CH + CH4 <=> C2H4 + H
5.671766e+08CH + CO (+M) <=> HCCO (+M)
6.775342e+07CH + CO2 <=> CO + HCO
1.225546e+11CH + CH2O <=> CH2CO + H
5.000000e+10CH + HCCO <=> C2H2 + CO
2.352227e+09CH2 + O2 => CO + H + OH
1.322309e+07CH2 + H2 <=> CH3 + H
3.948394e+092 CH2 <=> C2H2 + H2
4.000000e+10CH2 + CH3 <=> C2H4 + H
3.856894e+07CH2 + CH4 <=> 2 CH3
1.583100e+08CH2 + CO (+M) <=> CH2CO (+M)
3.000000e+10CH2 + HCCO <=> C2H3 + CO
1.109417e+10CH2(S) + N2 <=> CH2 + N2
6.656504e+09AR + CH2(S) <=> AR + CH2
2.800000e+10CH2(S) + O2 <=> CO + H + OH
1.200000e+10CH2(S) + O2 <=> CO + H2O
7.000000e+10CH2(S) + H2 <=> CH3 + H
9.387648e+09CH2(S) + H2O (+M) <=> CH3OH (+M)
3.000000e+10CH2(S) + H2O <=> CH2 + H2O
1.598187e+10CH2(S) + CH3 <=> C2H4 + H
2.130917e+10CH2(S) + CH4 <=> 2 CH3
9.000000e+09CH2(S) + CO <=> CH2 + CO
7.000000e+09CH2(S) + CO2 <=> CH2 + CO2
1.400000e+10CH2(S) + CO2 <=> CH2O + CO
5.273998e+10C2H6 + CH2(S) <=> C2H5 + CH3
7.885666e+03CH3 + O2 <=> CH3O + O
8.478048e+04CH3 + O2 <=> CH2O + OH
4.669857e+07CH3 + H2O2 <=> CH4 + HO2
9.315818e+092 CH3 (+M) <=> C2H6 (+M)
6.619599e+072 CH3 <=> C2H5 + H
2.648000e+10CH3 + HCO <=> CH4 + CO
4.709347e+07CH2O + CH3 <=> CH4 + HCO
6.420967e+06CH3 + CH3OH <=> CH2OH + CH4
2.140322e+06CH3 + CH3OH <=> CH3O + CH4
2.229894e+06C2H4 + CH3 <=> C2H3 + CH4
5.338324e+06C2H6 + CH3 <=> C2H5 + CH4
2.911358e+08H2O + HCO <=> CO + H + H2O
5.681183e+05HCO + M <=> CO + H + M
1.099997e+10HCO + O2 <=> CO + HO2
1.144928e+10CH2OH + O2 <=> CH2O + HO2
1.604862e+08CH3O + O2 <=> CH2O + HO2
1.461628e+10C2H + O2 <=> CO + HCO
1.046196e+10C2H + H2 <=> C2H2 + H
1.856351e+09C2H3 + O2 <=> CH2O + HCO
1.289821e-05C2H4 (+M) <=> C2H2 + H2 (+M)
1.197462e+08C2H5 + O2 <=> C2H4 + HO2
2.083045e+09HCCO + O2 <=> 2 CO + OH
1.000000e+102 HCCO <=> C2H2 + 2 CO
2.258695e+10N + NO <=> N2 + O
3.432022e+08N + O2 <=> NO + O
2.768747e+10N + OH <=> H + NO
6.109582e+06N2O + O <=> N2 + O2
2.559319e+05N2O + O <=> 2 NO
2.922095e+07H + N2O <=> N2 + OH
5.047312e+04N2O + OH <=> HO2 + N2
3.929535e-03N2O (+M) <=> N2 + O (+M)
2.685836e+09HO2 + NO <=> NO2 + OH
9.756334e+07NO + O + M <=> NO2 + M
4.400106e+09NO2 + O <=> NO + O2
1.101479e+11H + NO2 <=> NO + OH
4.000000e+10NH + O <=> H + NO
2.710828e+10H + NH <=> H2 + N
2.000000e+10NH + OH <=> H + HNO
7.971699e+09NH + OH <=> H2O + N
1.759716e+07NH + O2 <=> HNO + O
3.855035e+07NH + O2 <=> NO + OH
1.500000e+10N + NH <=> H + N2
1.893211e+07H2O + NH <=> H2 + HNO
4.409140e+09NH + NO <=> N2 + OH
1.629662e+10NH + NO <=> H + N2O
3.000000e+09NH2 + O <=> NH + OH
3.900000e+10NH2 + O <=> H + HNO
6.385073e+09H + NH2 <=> H2 + NH
3.591899e+09NH2 + OH <=> H2O + NH
3.300000e+08NNH <=> H + N2
7.784294e+07NNH + M <=> H + N2 + M
5.000000e+09NNH + O2 <=> HO2 + N2
2.500000e+10NNH + O <=> N2 + OH
7.000000e+10NNH + O <=> NH + NO
5.000000e+10H + NNH <=> H2 + N2
2.000000e+10NNH + OH <=> H2O + N2
2.500000e+10CH3 + NNH <=> CH4 + N2
5.293413e+07H + NO + M <=> HNO + M
2.500000e+10HNO + O <=> NO + OH
9.342414e+10H + HNO <=> H2 + NO
1.052395e+10HNO + OH <=> H2O + NO
1.451266e+07HNO + O2 <=> HO2 + NO
7.700000e+10CN + O <=> CO + N
4.000000e+10CN + OH <=> H + NCO
1.880916e+08CN + H2O <=> HCN + OH
7.660063e+09CN + O2 <=> NCO + O
2.147003e+09CN + H2 <=> H + HCN
2.350000e+10NCO + O <=> CO + NO
5.400000e+10H + NCO <=> CO + NH
2.500000e+09NCO + OH <=> CO + H + NO
2.000000e+10N + NCO <=> CO + N2
8.599772e+04NCO + O2 <=> CO2 + NO
7.680189e-03NCO + M <=> CO + N + M
3.601900e+09NCO + NO <=> CO + N2O
2.536610e+09NCO + NO <=> CO2 + N2
4.677095e-14HCN + M <=> CN + H + M
1.384754e+08HCN + O <=> H + NCO
3.458475e+07HCN + O <=> CO + NH
3.352435e+05HCN + O <=> CN + OH
1.633954e+06HCN + OH <=> H + HOCN
1.064486e+06HCN + OH <=> H + HNCO
8.323133e+04HCN + OH <=> CO + NH2
5.293297e+07H + HCN (+M) <=> H2CN (+M)
4.907049e+10H2CN + N <=> CH2 + N2
5.648394e+00C + N2 <=> CN + N
5.490489e+04CH + N2 <=> HCN + N
3.608185e+07CH + N2 (+M) <=> HCNN (+M)
6.978959e-07CH2 + N2 <=> HCN + NH
6.437764e-07CH2(S) + N2 <=> HCN + NH
1.900000e+10C + NO <=> CN + O
2.900000e+10C + NO <=> CO + N
4.100000e+10CH + NO <=> HCN + O
1.620000e+10CH + NO <=> H + NCO
2.460000e+10CH + NO <=> HCO + N
1.184369e+10CH2 + NO <=> H + HNCO
1.683332e+09CH2 + NO <=> HCN + OH
2.360465e+09CH2 + NO <=> H + HCNO
1.184369e+10CH2(S) + NO <=> H + HNCO
1.683332e+09CH2(S) + NO <=> HCN + OH
2.360465e+09CH2(S) + NO <=> H + HCNO
4.948223e+04CH3 + NO <=> H2O + HCN
1.783957e+04CH3 + NO <=> H2CN + OH
2.200000e+10HCNN + O <=> CO + H + N2
2.000000e+09HCNN + O <=> HCN + NO
1.200000e+10HCNN + O2 <=> HCO + N2 + O
1.200000e+10HCNN + OH <=> H + HCO + N2
1.000000e+11H + HCNN <=> CH2 + N2
2.323043e+07HNCO + O <=> CO2 + NH
1.907120e+00HNCO + O <=> CO + HNO
1.529005e+07HNCO + O <=> NCO + OH
4.200271e+08H + HNCO <=> CO + NH2
4.154544e+06H + HNCO <=> H2 + NCO
1.710753e+08HNCO + OH <=> H2O + NCO
1.710753e+07HNCO + OH <=> CO2 + NH2
5.885704e-08HNCO + M <=> CO + NH + M
4.262726e+09H + HCNO <=> H + HNCO
3.225435e+08H + HCNO <=> HCN + OH
2.234384e+08H + HCNO <=> CO + NH2
7.332361e+09H + HOCN <=> H + HNCO
9.000000e+09HCCO + NO <=> CO + HCNO
6.192705e+10CH3 + N <=> H + H2CN
1.091230e+10CH3 + N <=> H2 + HCN
5.871132e+07H + NH3 <=> H2 + NH2
1.955069e+09NH3 + OH <=> H2O + NH2
2.418670e+08NH3 + O <=> NH2 + OH
7.362162e+06CO2 + NH <=> CO + HNO
2.870327e+10CN + NO2 <=> NCO + NO
4.632378e+09NCO + NO2 <=> CO2 + N2O
1.023351e+07CO2 + N <=> CO + NO
3.370000e+10CH3 + O => CO + H + H2
1.857108e+09C2H4 + O <=> CH2CHO + H
1.096000e+11C2H5 + O <=> CH3CHO + H
8.229254e+08HO2 + OH <=> H2O + O2
6.116052e+08CH3 + OH => CH2O + H2
1.313870e+09CH + H2 (+M) <=> CH3 (+M)
2.728584e+09CH2 + O2 => CO2 + 2 H
1.129069e+09CH2 + O2 <=> CH2O + O
7.976877e+082 CH2 => C2H2 + 2 H
6.138027e+08CH2(S) + H2O => CH2O + H2
2.234431e+09C2H3 + O2 <=> CH2CHO + O
1.098166e+08C2H3 + O2 <=> C2H2 + HO2
1.176650e+09CH3CHO + O <=> CH2CHO + OH
1.176650e+09CH3CHO + O => CH3 + CO + OH
8.532149e+01CH3CHO + O2 => CH3 + CO + HO2
1.850038e+09CH3CHO + H <=> CH2CHO + H2
1.850038e+09CH3CHO + H => CH3 + CO + H2
6.354586e+09CH3CHO + OH => CH3 + CO + H2O
7.506748e+06CH3CHO + HO2 => CH3 + CO + H2O2
2.836877e+07CH3 + CH3CHO => CH3 + CH4 + CO
3.420008e+09CH2CO + H (+M) <=> CH2CHO (+M)
1.500000e+11CH2CHO + O => CH2 + CO2 + H
1.810000e+07CH2CHO + O2 => CH2O + CO + OH
2.350000e+07CH2CHO + O2 => 2 HCO + OH
2.200000e+10CH2CHO + H <=> CH3 + HCO
1.100000e+10CH2CHO + H <=> CH2CO + H2
1.200000e+10CH2CHO + OH <=> CH2CO + H2O
3.010000e+10CH2CHO + OH <=> CH2OH + HCO
7.237870e+09C2H5 + CH3 (+M) <=> C3H8 (+M)
3.276551e+09C3H8 + O <=> C3H7 + OH
1.847814e+09C3H8 + H <=> C3H7 + H2
4.972226e+09C3H8 + OH <=> C3H7 + H2O
2.577400e+07C3H7 + H2O2 <=> C3H8 + HO2
2.214928e+06C3H8 + CH3 <=> C3H7 + CH4
2.622245e+06C2H4 + CH3 (+M) <=> C3H7 (+M)
9.640000e+10C3H7 + O <=> C2H5 + CH2O
6.033106e+09C3H7 + H (+M) <=> C3H8 (+M)
9.664191e+09C3H7 + H <=> C2H5 + CH3
2.410000e+10C3H7 + OH <=> C2H5 + CH2OH
2.385247e+08C3H7 + HO2 <=> C3H8 + O2
2.410000e+10C3H7 + HO2 => C2H5 + CH2O + OH
2.112238e+09C3H7 + CH3 <=> 2 C2H5
