#Reverse rate constants of reactions

6.533955e-162 O + M <=> O2 + M
6.231134e-13H + O + M <=> OH + M
2.529925e+08H2 + O <=> H + OH
5.728079e-02HO2 + O <=> O2 + OH
1.134475e+05H2O2 + O <=> HO2 + OH
7.160030e-27CH + O <=> CO + H
7.108848e-09CH2 + O <=> H + HCO
1.197879e-30CH2(S) + O <=> CO + H2
7.137723e-12CH2(S) + O <=> H + HCO
8.444993e-04CH3 + O <=> CH2O + H
2.984890e+07CH4 + O <=> CH3 + OH
2.523408e-16CO + O (+M) <=> CO2 (+M)
6.066346e-09HCO + O <=> CO + OH
9.460109e-12HCO + O <=> CO2 + H
1.424563e+05CH2O + O <=> HCO + OH
2.833297e-06CH2OH + O <=> CH2O + OH
6.873562e-09CH3O + O <=> CH2O + OH
3.705001e+06CH3OH + O <=> CH2OH + OH
1.968741e+08CH3OH + O <=> CH3O + OH
2.599303e-07C2H + O <=> CH + CO
2.450784e+05C2H2 + O <=> H + HCCO
9.002906e+10C2H2 + O <=> C2H + OH
6.770579e-03C2H2 + O <=> CH2 + CO
3.312463e-08C2H3 + O <=> CH2CO + H
4.261478e+01C2H4 + O <=> CH3 + HCO
9.858403e-08C2H5 + O <=> CH2O + CH3
8.066556e+06C2H6 + O <=> C2H5 + OH
1.211635e-15HCCO + O <=> 2 CO + H
3.809153e+07CH2CO + O <=> HCCO + OH
1.581270e-02CH2CO + O <=> CH2 + CO2
3.560055e-02CO + O2 <=> CO2 + O
1.397752e+09CH2O + O2 <=> HCO + HO2
7.122367e-01H + O2 + M <=> HO2 + M
1.101500e+02H + 2 O2 <=> HO2 + O2
1.643114e+03H + H2O + O2 <=> H2O + HO2
1.376875e+02H + N2 + O2 <=> HO2 + N2
7.748365e+01AR + H + O2 <=> AR + HO2
1.221596e+10H + O2 <=> O + OH
5.746082e-132 H + M <=> H2 + M
9.429044e-112 H + H2 <=> 2 H2
7.048460e-102 H + H2O <=> H2 + H2O
3.630614e-11CO2 + 2 H <=> CO2 + H2
3.636958e-14H + OH + M <=> H2O + M
3.741282e-03H + HO2 <=> H2O + O
6.224879e-02H + HO2 <=> H2 + O2
4.357188e+01H + HO2 <=> 2 OH
6.471557e+04H + H2O2 <=> H2 + HO2
1.898274e-07H + H2O2 <=> H2O + OH
3.509121e+06CH + H <=> C + H2
6.007209e-11CH2 + H (+M) <=> CH3 (+M)
1.907229e+07CH2(S) + H <=> CH + H2
3.952504e-08CH3 + H (+M) <=> CH4 (+M)
1.191019e+07CH4 + H <=> CH3 + H2
1.815080e-06H + HCO (+M) <=> CH2O (+M)
1.231826e-08H + HCO <=> CO + H2
3.098116e+04CH2O + H (+M) <=> CH2OH (+M)
7.675008e+05CH2O + H (+M) <=> CH3O (+M)
1.305047e+05CH2O + H <=> H2 + HCO
2.762852e-08CH2OH + H (+M) <=> CH3OH (+M)
4.702939e-06CH2OH + H <=> CH2O + H2
2.881471e+08CH2OH + H <=> CH3 + OH
3.091268e+08CH2OH + H <=> CH2(S) + H2O
3.666278e-11CH3O + H (+M) <=> CH3OH (+M)
2.975665e+06CH3O + H <=> CH2OH + H
1.140930e-08CH3O + H <=> CH2O + H2
2.065653e+06CH3O + H <=> CH3 + OH
1.807019e+06CH3O + H <=> CH2(S) + H2O
3.490118e+06CH3OH + H <=> CH2OH + H2
3.554272e+08CH3OH + H <=> CH3O + H2
1.663262e-14C2H + H (+M) <=> C2H2 (+M)
5.772865e+03C2H2 + H (+M) <=> C2H3 (+M)
5.206554e-10C2H3 + H (+M) <=> C2H4 (+M)
1.240850e-04C2H3 + H <=> C2H2 + H2
8.401938e+03C2H4 + H (+M) <=> C2H5 (+M)
7.314674e+07C2H4 + H <=> C2H3 + H2
9.527911e-07C2H5 + H (+M) <=> C2H6 (+M)
1.286006e-05C2H5 + H <=> C2H4 + H2
2.960917e+06C2H6 + H <=> C2H5 + H2
1.003543e+06H + HCCO <=> CH2(S) + CO
1.580686e+08CH2CO + H <=> H2 + HCCO
5.664466e+00CH2CO + H <=> CH3 + CO
1.739295e+03H + HCCOH <=> CH2CO + H
1.651373e-05CO + H2 (+M) <=> CH2O (+M)
2.913147e+06H2 + OH <=> H + H2O
1.435106e+022 OH (+M) <=> H2O2 (+M)
3.030700e+062 OH <=> H2O + O
9.878096e-05HO2 + OH <=> H2O + O2
2.621658e+02H2O2 + OH <=> H2O + HO2
1.047657e+02H2O2 + OH <=> H2O + HO2
2.450997e-22C + OH <=> CO + H
1.863611e-08CH + OH <=> H + HCO
8.208127e-05CH2 + OH <=> CH2O + H
6.631366e+05CH2 + OH <=> CH + H2O
6.593174e-07CH2(S) + OH <=> CH2O + H
2.335597e-05CH3 + OH (+M) <=> CH3OH (+M)
1.745608e+06CH3 + OH <=> CH2 + H2O
4.232264e+10CH3 + OH <=> CH2(S) + H2O
1.698115e+05CH4 + OH <=> CH3 + H2O
3.465980e+05CO + OH <=> CO2 + H
1.870418e-11HCO + OH <=> CO + H2O
5.971128e+02CH2O + OH <=> H2O + HCO
2.620745e-09CH2OH + OH <=> CH2O + H2O
6.357912e-12CH3O + OH <=> CH2O + H2O
5.827385e+03CH3OH + OH <=> CH2OH + H2O
3.240981e+06CH3OH + OH <=> CH3O + H2O
1.352529e+01C2H + OH <=> H + HCCO
2.536390e+03C2H2 + OH <=> CH2CO + H
5.769232e+09C2H2 + OH <=> H + HCCOH
3.818463e+09C2H2 + OH <=> C2H + H2O
8.247508e-07C2H2 + OH <=> CH3 + CO
4.609814e-08C2H3 + OH <=> C2H2 + H2O
1.522907e+06C2H4 + OH <=> C2H3 + H2O
2.642417e+04C2H6 + OH <=> C2H5 + H2O
1.078985e+06CH2CO + OH <=> H2O + HCCO
9.620252e+002 HO2 <=> H2O2 + O2
3.286195e+012 HO2 <=> H2O2 + O2
5.858802e-14CH2 + HO2 <=> CH2O + OH
4.108549e-02CH3 + HO2 <=> CH4 + O2
6.551240e+05CH3 + HO2 <=> CH3O + OH
1.175179e-06CO + HO2 <=> CO2 + OH
3.319070e+06CH2O + HO2 <=> H2O2 + HCO
5.304325e-20C + O2 <=> CO + O
6.744211e-06C + CH2 <=> C2H + H
3.938745e-10C + CH3 <=> C2H2 + H
1.038825e-05CH + O2 <=> HCO + O
1.905039e+11CH + H2 <=> CH2 + H
1.294343e-01CH + H2O <=> CH2O + H
1.985547e-15CH + CH2 <=> C2H2 + H
1.215138e+00CH + CH3 <=> C2H3 + H
2.112458e-01CH + CH4 <=> C2H4 + H
5.880122e-03CH + CO (+M) <=> HCCO (+M)
2.698959e-08CH + CO2 <=> CO + HCO
3.284088e-04CH + CH2O <=> CH2CO + H
1.333784e-22CH + HCCO <=> C2H2 + CO
0.000000e+00CH2 + O2 => CO + H + OH
3.917877e+06CH2 + H2 <=> CH3 + H
2.326822e-172 CH2 <=> C2H2 + H2
2.889891e-01CH2 + CH3 <=> C2H4 + H
6.611402e+05CH2 + CH4 <=> 2 CH3
1.104603e-03CH2 + CO (+M) <=> CH2CO (+M)
2.297000e-09CH2 + HCCO <=> C2H3 + CO
5.940926e+07CH2(S) + N2 <=> CH2 + N2
3.564556e+07AR + CH2(S) <=> AR + CH2
8.425193e-09CH2(S) + O2 <=> CO + H + OH
5.323583e-31CH2(S) + O2 <=> CO + H2O
1.110645e+08CH2(S) + H2 <=> CH3 + H
2.191937e-05CH2(S) + H2O (+M) <=> CH3OH (+M)
1.606499e+08CH2(S) + H2O <=> CH2 + H2O
6.183129e-04CH2(S) + CH3 <=> C2H4 + H
1.956057e+06CH2(S) + CH4 <=> 2 CH3
4.819497e+07CH2(S) + CO <=> CH2 + CO
3.748498e+07CH2(S) + CO2 <=> CH2 + CO2
1.973024e-04CH2(S) + CO2 <=> CH2O + CO
1.890272e+05C2H6 + CH2(S) <=> C2H5 + CH3
4.771897e+10CH3 + O2 <=> CH3O + O
3.526391e-07CH3 + O2 <=> CH2O + OH
5.883317e+04CH3 + H2O2 <=> CH4 + HO2
1.034403e-032 CH3 (+M) <=> C2H6 (+M)
2.510279e+112 CH3 <=> C2H5 + H
7.681276e-08CH3 + HCO <=> CH4 + CO
1.462734e+04CH2O + CH3 <=> CH4 + HCO
1.318243e+05CH3 + CH3OH <=> CH2OH + CH4
1.811275e+07CH3 + CH3OH <=> CH3O + CH4
2.565379e+07C2H4 + CH3 <=> C2H3 + CH4
2.084367e+05C2H6 + CH3 <=> C2H5 + CH4
7.386917e+08H2O + HCO <=> CO + H + H2O
1.441473e+06HCO + M <=> CO + H + M
7.766375e+02HCO + O2 <=> CO + HO2
1.132638e+06CH2OH + O2 <=> CH2O + HO2
3.851594e+01CH3O + O2 <=> CH2O + HO2
1.176369e-23C2H + O2 <=> CO + HCO
1.810330e+05C2H + H2 <=> C2H2 + H
1.184198e-10C2H3 + O2 <=> CH2O + HCO
5.368427e-01C2H4 (+M) <=> C2H2 + H2 (+M)
3.239280e+05C2H5 + O2 <=> C2H4 + HO2
6.290082e-15HCCO + O2 <=> 2 CO + OH
2.573045e-122 HCCO <=> C2H2 + 2 CO
3.433123e-06N + NO <=> N2 + O
8.531921e+00N + O2 <=> NO + O
2.761813e+00N + OH <=> H + NO
7.206699e-12N2O + O <=> N2 + O2
4.937581e-05N2O + O <=> 2 NO
8.590233e-09H + N2O <=> N2 + OH
2.078768e-02N2O + OH <=> HO2 + N2
1.449484e+01N2O (+M) <=> N2 + O (+M)
4.057612e+08HO2 + NO <=> NO2 + OH
1.645702e-03NO + O + M <=> NO2 + M
8.341633e-02NO2 + O <=> NO + O2
5.204151e+02H + NO2 <=> NO + OH
9.449437e-05NH + O <=> H + NO
5.328246e+05H + NH <=> H2 + N
1.251719e+08NH + OH <=> H + HNO
3.492597e+02NH + OH <=> H2O + N
2.744765e+07NH + O2 <=> HNO + O
2.269656e-05NH + O2 <=> NO + OH
5.386033e-21N + NH <=> H + N2
5.315699e+07H2O + NH <=> H2 + HNO
1.587160e-11NH + NO <=> N2 + OH
1.995509e+05NH + NO <=> H + N2O
4.184539e+06NH2 + O <=> NH + OH
3.404613e+05NH2 + O <=> H + HNO
7.391617e+06H + NH2 <=> H2 + NH
9.268577e+03NH2 + OH <=> H2O + NH
1.607471e+04NNH <=> H + N2
3.791827e+03NNH + M <=> H + N2 + M
6.777329e-03NNH + O2 <=> HO2 + N2
9.705270e-14NNH + O <=> N2 + OH
7.549165e+07NNH + O <=> NH + NO
1.610960e-13H + NNH <=> H2 + N2
1.436350e-16NNH + OH <=> H2O + N2
1.392249e-12CH3 + NNH <=> CH4 + N2
1.117648e+01H + NO + M <=> HNO + M
9.436461e-03HNO + O <=> NO + OH
2.926682e-02H + HNO <=> H2 + NO
7.348703e-06HNO + OH <=> H2O + NO
1.912657e+06HNO + O2 <=> HO2 + NO
3.762521e-06CN + O <=> CO + N
5.946728e+05CN + OH <=> H + NCO
1.120598e+07CN + H2O <=> HCN + OH
2.838155e+07CN + O2 <=> NCO + O
2.851205e+05CN + H2 <=> H + HCN
7.704581e-12NCO + O <=> CO + NO
7.494264e+03H + NCO <=> CO + NH
1.028449e+07NCO + OH <=> CO + H + NO
9.966505e-28N + NCO <=> CO + N2
1.095778e-17NCO + O2 <=> CO2 + NO
3.167406e+05NCO + M <=> CO + N + M
6.121009e-03NCO + NO <=> CO + N2O
1.976171e-21NCO + NO <=> CO2 + N2
5.324695e+09HCN + M <=> CN + H + M
1.867875e+07HCN + O <=> H + NCO
6.474331e-01HCN + O <=> CO + NH
3.041706e+09HCN + O <=> CN + OH
3.222504e+09HCN + OH <=> H + HOCN
6.558958e+03HCN + OH <=> H + HNCO
1.117045e+00HCN + OH <=> CO + NH2
5.390582e+05H + HCN (+M) <=> H2CN (+M)
1.436554e-07H2CN + N <=> CH2 + N2
3.737376e+10C + N2 <=> CN + N
1.026037e+06CH + N2 <=> HCN + N
1.355289e+05CH + N2 (+M) <=> HCNN (+M)
7.877402e-02CH2 + N2 <=> HCN + NH
3.891227e-04CH2(S) + N2 <=> HCN + NH
1.910853e+04C + NO <=> CN + O
1.425148e-12C + NO <=> CO + N
1.164576e-04CH + NO <=> HCN + O
6.206887e-06CH + NO <=> H + NCO
1.531998e+02CH + NO <=> HCO + N
2.965112e-08CH2 + NO <=> H + HNCO
6.839572e-07CH2 + NO <=> HCN + OH
5.142633e+06CH2 + NO <=> H + HCNO
1.587817e-10CH2(S) + NO <=> H + HNCO
3.662588e-09CH2(S) + NO <=> HCN + OH
2.753878e+04CH2(S) + NO <=> H + HCNO
1.512536e-13CH3 + NO <=> H2O + HCN
3.766598e+06CH3 + NO <=> H2CN + OH
7.357317e-25HCNN + O <=> CO + H + N2
7.910213e-17HCNN + O <=> HCN + NO
4.946042e-04HCNN + O2 <=> HCO + N2 + O
1.984596e-06HCNN + OH <=> H + HCO + N2
1.483269e-05H + HCNN <=> CH2 + N2
1.100630e-01HNCO + O <=> CO2 + NH
3.626353e-08HNCO + O <=> CO + HNO
3.347257e+08HNCO + O <=> NCO + OH
9.148844e+05H + HNCO <=> CO + NH2
7.548327e+07H + HNCO <=> H2 + NCO
6.928353e+06HNCO + OH <=> H2O + NCO
5.810924e+01HNCO + OH <=> CO2 + NH2
2.243755e+06HNCO + M <=> CO + NH + M
4.898391e-06H + HCNO <=> H + HNCO
6.015330e-05H + HCNO <=> HCN + OH
5.592589e-10H + HCNO <=> CO + NH2
2.290789e+04H + HOCN <=> H + HNCO
1.053721e+00HCCO + NO <=> CO + HCNO
1.304236e+03CH3 + N <=> H + H2CN
1.492686e-15CH3 + N <=> H2 + HCN
6.024049e+07H + NH3 <=> H2 + NH2
4.471407e+06NH3 + OH <=> H2O + NH2
2.990171e+08NH3 + O <=> NH2 + OH
2.954699e+07CO2 + NH <=> CO + HNO
2.016152e-03CN + NO2 <=> NCO + NO
5.800133e-14NCO + NO2 <=> CO2 + N2O
6.545857e-01CO2 + N <=> CO + NO
0.000000e+00CH3 + O => CO + H + H2
7.412563e+05C2H4 + O <=> CH2CHO + H
9.392046e-05C2H5 + O <=> CH3CHO + H
4.360157e-06HO2 + OH <=> H2O + O2
0.000000e+00CH3 + OH => CH2O + H2
2.168870e-10CH + H2 (+M) <=> CH3 (+M)
0.000000e+00CH2 + O2 => CO2 + 2 H
1.154836e-03CH2 + O2 <=> CH2O + O
0.000000e+002 CH2 => C2H2 + 2 H
0.000000e+00CH2(S) + H2O => CH2O + H2
2.771570e+08C2H3 + O2 <=> CH2CHO + O
1.910908e+05C2H3 + O2 <=> C2H2 + HO2
4.246145e+06CH3CHO + O <=> CH2CHO + OH
0.000000e+00CH3CHO + O => CH3 + CO + OH
0.000000e+00CH3CHO + O2 => CH3 + CO + HO2
5.540836e+06CH3CHO + H <=> CH2CHO + H2
0.000000e+00CH3CHO + H => CH3 + CO + H2
0.000000e+00CH3CHO + OH => CH3 + CO + H2O
0.000000e+00CH3CHO + HO2 => CH3 + CO + H2O2
0.000000e+00CH3 + CH3CHO => CH3 + CH4 + CO
1.228596e+05CH2CO + H (+M) <=> CH2CHO (+M)
0.000000e+00CH2CHO + O => CH2 + CO2 + H
0.000000e+00CH2CHO + O2 => CH2O + CO + OH
0.000000e+00CH2CHO + O2 => 2 HCO + OH
6.779213e+05CH2CHO + H <=> CH3 + HCO
2.025333e-05CH2CHO + H <=> CH2CO + H2
4.924934e-08CH2CHO + OH <=> CH2CO + H2O
5.463612e+07CH2CHO + OH <=> CH2OH + HCO
5.659871e-03C2H5 + CH3 (+M) <=> C3H8 (+M)
9.445767e+06C3H8 + O <=> C3H7 + OH
4.421054e+06C3H8 + H <=> C3H7 + H2
2.651757e+04C3H8 + OH <=> C3H7 + H2O
7.851826e+05C3H7 + H2O2 <=> C3H8 + HO2
9.159872e+04C3H8 + CH3 <=> C3H7 + CH4
7.629982e+05C2H4 + CH3 (+M) <=> C3H7 (+M)
5.687850e-08C3H7 + O <=> C2H5 + CH2O
1.667858e-07C3H7 + H (+M) <=> C3H8 (+M)
3.416550e+05C3H7 + H <=> C2H5 + CH3
5.018756e+07C3H7 + OH <=> C2H5 + CH2OH
2.369693e-01C3H7 + HO2 <=> C3H8 + O2
0.000000e+00C3H7 + HO2 => C2H5 + CH2O + OH
2.831753e+08C3H7 + CH3 <=> 2 C2H5
