#Dimensionless entropies of reactions (S/R)

-1.563460e+012 O + M <=> O2 + M
-1.286236e+01H + O + M <=> OH + M
7.908640e-01H2 + O <=> H + OH
-2.353616e-01HO2 + O <=> O2 + OH
1.693319e+00H2O2 + O <=> HO2 + OH
-3.805893e+00CH + O <=> CO + H
-1.855240e+00CH2 + O <=> H + HCO
-2.502740e+00CH2(S) + O <=> CO + H2
-1.036542e+00CH2(S) + O <=> H + HCO
-2.723821e+00CH3 + O <=> CH2O + H
4.302463e+00CH4 + O <=> CH3 + OH
-1.828675e+01CO + O (+M) <=> CO2 (+M)
-6.753345e-01HCO + O <=> CO + OH
-6.099732e+00HCO + O <=> CO2 + H
3.685976e+00CH2O + O <=> HCO + OH
-1.253108e+00CH2OH + O <=> CH2O + OH
1.434929e+00CH3O + O <=> CH2O + OH
4.088440e+00CH3OH + O <=> CH2OH + OH
1.400403e+00CH3OH + O <=> CH3O + OH
-3.329097e-01C2H + O <=> CH + CO
3.427804e-01C2H2 + O <=> H + HCCO
4.067545e+00C2H2 + O <=> C2H + OH
2.459318e+00C2H2 + O <=> CH2 + CO
-3.573539e+00C2H3 + O <=> CH2CO + H
4.462214e+00C2H4 + O <=> CH3 + HCO
-6.050950e-02C2H5 + O <=> CH2O + CH3
4.995765e+00C2H6 + O <=> C2H5 + OH
1.244832e+01HCCO + O <=> 2 CO + H
3.286240e+00CH2CO + O <=> HCCO + OH
-2.161994e-02CH2CO + O <=> CH2 + CO2
-2.652153e+00CO + O2 <=> CO2 + O
3.921337e+00CH2O + O2 <=> HCO + HO2
-1.262699e+01H + O2 + M <=> HO2 + M
-1.262699e+01H + 2 O2 <=> HO2 + O2
-1.262699e+01H + H2O + O2 <=> H2O + HO2
-1.262699e+01H + N2 + O2 <=> HO2 + N2
-1.262699e+01AR + H + O2 <=> AR + HO2
2.772245e+00H + O2 <=> O + OH
-1.365322e+012 H + M <=> H2 + M
-1.365322e+012 H + H2 <=> 2 H2
-1.365322e+012 H + H2O <=> H2 + H2O
-1.365322e+01CO2 + 2 H <=> CO2 + H2
-1.525925e+01H + OH + M <=> H2O + M
1.399879e-01H + HO2 <=> H2O + O
-1.026226e+00H + HO2 <=> H2 + O2
2.536883e+00H + HO2 <=> 2 OH
9.024553e-01H + H2O2 <=> H2 + HO2
1.833307e+00H + H2O2 <=> H2O + OH
-1.158801e+00CH + H <=> C + H2
-1.567975e+01CH2 + H (+M) <=> CH3 (+M)
1.303153e+00CH2(S) + H <=> CH + H2
-1.716482e+01CH3 + H (+M) <=> CH4 (+M)
3.511599e+00CH4 + H <=> CH3 + H2
-1.654833e+01H + HCO (+M) <=> CH2O (+M)
-1.466198e+00H + HCO <=> CO + H2
-1.160925e+01CH2O + H (+M) <=> CH2OH (+M)
-1.429729e+01CH2O + H (+M) <=> CH3O (+M)
2.895112e+00CH2O + H <=> H2 + HCO
-1.695080e+01CH2OH + H (+M) <=> CH3OH (+M)
-2.043972e+00CH2OH + H <=> CH2O + H2
1.470713e+00CH2OH + H <=> CH3 + OH
1.072514e+00CH2OH + H <=> CH2(S) + H2O
-1.426276e+01CH3O + H (+M) <=> CH3OH (+M)
2.688037e+00CH3O + H <=> CH2OH + H
6.440653e-01CH3O + H <=> CH2O + H2
4.158750e+00CH3O + H <=> CH3 + OH
3.760552e+00CH3O + H <=> CH2(S) + H2O
3.297576e+00CH3OH + H <=> CH2OH + H2
6.095391e-01CH3OH + H <=> CH3O + H2
-1.692990e+01C2H + H (+M) <=> C2H2 (+M)
-1.223228e+01C2H2 + H (+M) <=> C2H3 (+M)
-1.763739e+01C2H3 + H (+M) <=> C2H4 (+M)
-1.420944e+00C2H3 + H <=> C2H2 + H2
-1.202561e+01C2H4 + H (+M) <=> C2H5 (+M)
3.984173e+00C2H4 + H <=> C2H3 + H2
-1.785812e+01C2H5 + H (+M) <=> C2H6 (+M)
-1.627612e+00C2H5 + H <=> C2H4 + H2
4.204901e+00C2H6 + H <=> C2H5 + H2
1.297839e+00H + HCCO <=> CH2(S) + CO
2.495376e+00CH2CO + H <=> H2 + HCCO
2.585382e+00CH2CO + H <=> CH3 + CO
3.112097e-02H + HCCOH <=> CH2CO + H
-1.508213e+01CO + H2 (+M) <=> CH2O (+M)
-1.606031e+00H2 + OH <=> H + H2O
-1.709256e+012 OH (+M) <=> H2O2 (+M)
-2.396895e+002 OH <=> H2O + O
-2.632257e+00HO2 + OH <=> H2O + O2
-7.035758e-01H2O2 + OH <=> H2O + HO2
-7.035758e-01H2O2 + OH <=> H2O + HO2
-3.437956e+00C + OH <=> CO + H
-3.130558e+00CH + OH <=> H + HCO
-5.541216e+00CH2 + OH <=> CH2O + H
-1.121577e+00CH2 + OH <=> CH + H2O
-4.722517e+00CH2(S) + OH <=> CH2O + H
-1.842151e+01CH3 + OH (+M) <=> CH3OH (+M)
4.205003e-01CH3 + OH <=> CH2 + H2O
-3.981984e-01CH3 + OH <=> CH2(S) + H2O
1.905568e+00CH4 + OH <=> CH3 + H2O
-5.424397e+00CO + OH <=> CO2 + H
-3.072230e+00HCO + OH <=> CO + H2O
1.289081e+00CH2O + OH <=> H2O + HCO
-3.650003e+00CH2OH + OH <=> CH2O + H2O
-9.619658e-01CH3O + OH <=> CH2O + H2O
1.691545e+00CH3OH + OH <=> CH2OH + H2O
-9.964919e-01CH3OH + OH <=> CH3O + H2O
-3.724765e+00C2H + OH <=> H + HCCO
-2.943459e+00C2H2 + OH <=> CH2CO + H
-2.974580e+00C2H2 + OH <=> H + HCCOH
1.670650e+00C2H2 + OH <=> C2H + H2O
-3.580776e-01C2H2 + OH <=> CH3 + CO
-3.026975e+00C2H3 + OH <=> C2H2 + H2O
2.378142e+00C2H4 + OH <=> C2H3 + H2O
2.598870e+00C2H6 + OH <=> C2H5 + H2O
8.893448e-01CH2CO + OH <=> H2O + HCCO
-1.928681e+002 HO2 <=> H2O2 + O2
-1.928681e+002 HO2 <=> H2O2 + O2
-3.004333e+00CH2 + HO2 <=> CH2O + OH
-4.537825e+00CH3 + HO2 <=> CH4 + O2
-1.621867e+00CH3 + HO2 <=> CH3O + OH
-2.887514e+00CO + HO2 <=> CO2 + OH
1.992656e+00CH2O + HO2 <=> H2O2 + HCO
-6.657111e-01C + O2 <=> CO + O
-1.829728e+00C + CH2 <=> C2H + H
-3.079878e+00C + CH3 <=> C2H2 + H
-3.583137e-01CH + O2 <=> HCO + O
-4.844539e-01CH + H2 <=> CH2 + H
-4.419639e+00CH + H2O <=> CH2O + H
-6.265211e+00CH + CH2 <=> C2H2 + H
-2.817735e+00CH + CH3 <=> C2H3 + H
-3.290309e+00CH + CH4 <=> C2H4 + H
-1.625421e+01CH + CO (+M) <=> HCCO (+M)
2.293839e+00CH + CO2 <=> CO + HCO
-3.667454e+00CH + CH2O <=> CH2CO + H
-4.148673e+00CH + HCCO <=> C2H2 + CO
1.310403e+01CH2 + O2 => CO + H + OH
-2.026531e+00CH2 + H2 <=> CH3 + H
-5.780757e+002 CH2 <=> C2H2 + H2
-6.317455e+00CH2 + CH3 <=> C2H4 + H
1.485068e+00CH2 + CH4 <=> 2 CH3
-1.826513e+01CH2 + CO (+M) <=> CH2CO (+M)
-2.243275e+00CH2 + HCCO <=> C2H3 + CO
8.186987e-01CH2(S) + N2 <=> CH2 + N2
8.186987e-01AR + CH2(S) <=> AR + CH2
1.392272e+01CH2(S) + O2 <=> CO + H + OH
-1.336527e+00CH2(S) + O2 <=> CO + H2O
-1.207833e+00CH2(S) + H2 <=> CH3 + H
-1.802331e+01CH2(S) + H2O (+M) <=> CH3OH (+M)
8.186987e-01CH2(S) + H2O <=> CH2 + H2O
-5.498756e+00CH2(S) + CH3 <=> C2H4 + H
2.303766e+00CH2(S) + CH4 <=> 2 CH3
8.186987e-01CH2(S) + CO <=> CH2 + CO
8.186987e-01CH2(S) + CO2 <=> CH2 + CO2
7.018798e-01CH2(S) + CO2 <=> CH2O + CO
2.997068e+00C2H6 + CH2(S) <=> C2H5 + CH3
-1.386505e+00CH3 + O2 <=> CH3O + O
4.842386e-02CH3 + O2 <=> CH2O + OH
-2.609144e+00CH3 + H2O2 <=> CH4 + HO2
-2.052143e+012 CH3 (+M) <=> C2H6 (+M)
-2.663311e+002 CH3 <=> C2H5 + H
-4.977798e+00CH3 + HCO <=> CH4 + CO
-6.164874e-01CH2O + CH3 <=> CH4 + HCO
-2.140227e-01CH3 + CH3OH <=> CH2OH + CH4
-2.902060e+00CH3 + CH3OH <=> CH3O + CH4
4.725741e-01C2H4 + CH3 <=> C2H3 + CH4
6.933020e-01C2H6 + CH3 <=> C2H5 + CH4
1.218702e+01H2O + HCO <=> CO + H + H2O
1.218702e+01HCO + M <=> CO + H + M
-4.399729e-01HCO + O2 <=> CO + HO2
-1.017746e+00CH2OH + O2 <=> CH2O + HO2
1.670291e+00CH3O + O2 <=> CH2O + HO2
-6.912234e-01C2H + O2 <=> CO + HCO
-3.276681e+00C2H + H2 <=> C2H2 + H
-2.643991e-01C2H3 + O2 <=> CH2O + HCO
1.621645e+01C2H4 (+M) <=> C2H2 + H2 (+M)
-6.013865e-01C2H5 + O2 <=> C2H4 + HO2
1.522056e+01HCCO + O2 <=> 2 CO + OH
1.210554e+012 HCCO <=> C2H2 + 2 CO
-1.456875e+00N + NO <=> N2 + O
1.596571e+00N + O2 <=> NO + O
-1.175674e+00N + OH <=> H + NO
9.496495e-01N2O + O <=> N2 + O2
4.003095e+00N2O + O <=> 2 NO
3.721894e+00H + N2O <=> N2 + OH
1.185011e+00N2O + OH <=> HO2 + N2
1.658425e+01N2O (+M) <=> N2 + O (+M)
-1.524162e+00HO2 + NO <=> NO2 + OH
-1.692340e+01NO + O + M <=> NO2 + M
1.288801e+00NO2 + O <=> NO + O2
4.061045e+00H + NO2 <=> NO + OH
-1.862832e+00NH + O <=> H + NO
-1.478022e+00H + NH <=> H2 + N
-3.408376e+00NH + OH <=> H + HNO
-3.084053e+00NH + OH <=> H2O + N
-6.361312e-01NH + O2 <=> HNO + O
9.094130e-01NH + O2 <=> NO + OH
-3.319706e+00N + NH <=> H + N2
-1.802345e+00H2O + NH <=> H2 + HNO
-2.144033e+00NH + NO <=> N2 + OH
-5.865927e+00NH + NO <=> H + N2O
1.187242e+00NH2 + O <=> NH + OH
-2.221134e+00NH2 + O <=> H + HNO
3.963781e-01H + NH2 <=> H2 + NH
-1.209653e+00NH2 + OH <=> H2O + NH
1.134150e+01NNH <=> H + N2
1.134150e+01NNH + M <=> H + N2 + M
-1.285497e+00NNH + O2 <=> HO2 + N2
-1.520859e+00NNH + O <=> N2 + OH
6.231740e-01NNH + O <=> NH + NO
-2.311723e+00H + NNH <=> H2 + N2
-3.917754e+00NNH + OH <=> H2O + N2
-5.823322e+00CH3 + NNH <=> CH4 + N2
-1.440790e+01H + NO + M <=> HNO + M
1.545544e+00HNO + O <=> NO + OH
7.546802e-01H + HNO <=> H2 + NO
-8.513508e-01HNO + OH <=> H2O + NO
1.780906e+00HNO + O2 <=> HO2 + NO
-1.626033e+00CN + O <=> CO + N
-3.478183e+00CN + OH <=> H + NCO
1.109505e-01CN + H2O <=> HCN + OH
-7.059387e-01CN + O2 <=> NCO + O
-1.495081e+00CN + H2 <=> H + HCN
6.764763e-01NCO + O <=> CO + NO
2.539308e+00H + NCO <=> CO + NH
1.353883e+01NCO + OH <=> CO + H + NO
-7.803985e-01N + NCO <=> CO + N2
-1.975676e+00NCO + O2 <=> CO2 + NO
1.471451e+01NCO + M <=> CO + N + M
-3.326619e+00NCO + NO <=> CO + N2O
-5.029122e+00NCO + NO <=> CO2 + N2
1.514830e+01HCN + M <=> CN + H + M
-1.192239e+00HCN + O <=> H + NCO
1.347069e+00HCN + O <=> CO + NH
2.285945e+00HCN + O <=> CN + OH
-2.870964e+00HCN + OH <=> H + HOCN
-2.802154e+00HCN + OH <=> H + HNCO
1.598272e-01HCN + OH <=> CO + NH2
-1.300917e+01H + HCN (+M) <=> H2CN (+M)
7.047515e-01H2CN + N <=> CH2 + N2
8.206260e-01C + N2 <=> CN + N
-1.833256e+00CH + N2 <=> HCN + N
-1.490609e+01CH + N2 (+M) <=> HCNN (+M)
1.292201e-01CH2 + N2 <=> HCN + NH
9.479189e-01CH2(S) + N2 <=> HCN + NH
-6.362487e-01C + NO <=> CN + O
-2.262282e+00C + NO <=> CO + N
-3.290130e+00CH + NO <=> HCN + O
-4.482369e+00CH + NO <=> H + NCO
-1.954885e+00CH + NO <=> HCO + N
-4.816966e+00CH2 + NO <=> H + HNCO
-2.014813e+00CH2 + NO <=> HCN + OH
-4.312893e+00CH2 + NO <=> H + HCNO
-3.998267e+00CH2(S) + NO <=> H + HNCO
-1.196114e+00CH2(S) + NO <=> HCN + OH
-3.494194e+00CH2(S) + NO <=> H + HCNO
-1.594312e+00CH3 + NO <=> H2O + HCN
6.557691e-01CH3 + NO <=> H2CN + OH
1.110020e+01HCNN + O <=> CO + H + N2
-9.651941e-01HCNN + O <=> HCN + NO
1.454778e+01HCNN + O2 <=> HCO + N2 + O
1.177553e+01HCNN + OH <=> H + HCO + N2
7.684173e-01H + HCNN <=> CH2 + N2
-1.275174e+00HNCO + O <=> CO2 + NH
7.408471e-01HNCO + O <=> CO + HNO
1.609915e+00HNCO + O <=> NCO + OH
2.961981e+00H + HNCO <=> CO + NH2
8.190510e-01H + HNCO <=> H2 + NCO
-7.869801e-01HNCO + OH <=> H2O + NCO
-2.462416e+00HNCO + OH <=> CO2 + NH2
1.701158e+01HNCO + M <=> CO + NH + M
-5.040734e-01H + HCNO <=> H + HNCO
2.298080e+00H + HCNO <=> HCN + OH
2.457907e+00H + HCNO <=> CO + NH2
6.881048e-02H + HOCN <=> H + HNCO
-2.196355e+00HCCO + NO <=> CO + HCNO
-5.199046e-01CH3 + N <=> H + H2CN
-1.163955e+00CH3 + N <=> H2 + HCN
2.413416e+00H + NH3 <=> H2 + NH2
8.073848e-01NH3 + OH <=> H2O + NH2
3.204280e+00NH3 + O <=> NH2 + OH
2.016021e+00CO2 + NH <=> CO + HNO
5.828618e-01CN + NO2 <=> NCO + NO
-4.689971e+00NCO + NO2 <=> CO2 + N2O
4.248724e+00CO2 + N <=> CO + NO
1.235831e+01CH3 + O => CO + H + H2
1.360444e+00C2H4 + O <=> CH2CHO + H
-2.882540e+00C2H5 + O <=> CH3CHO + H
-2.632257e+00HO2 + OH <=> H2O + O2
-3.514685e+00CH3 + OH => CH2O + H2
-1.616421e+01CH + H2 (+M) <=> CH3 (+M)
7.679629e+00CH2 + O2 => CO2 + 2 H
-2.768972e+00CH2 + O2 <=> CH2O + O
7.872464e+002 CH2 => C2H2 + 2 H
-3.116486e+00CH2(S) + H2O => CH2O + H2
-6.423489e-01C2H3 + O2 <=> CH2CHO + O
-3.947183e-01C2H3 + O2 <=> C2H2 + HO2
3.406236e+00CH3CHO + O <=> CH2CHO + OH
1.869503e+01CH3CHO + O => CH3 + CO + OH
1.893039e+01CH3CHO + O2 => CH3 + CO + HO2
2.615372e+00CH3CHO + H <=> CH2CHO + H2
1.790416e+01CH3CHO + H => CH3 + CO + H2
1.629813e+01CH3CHO + OH => CH3 + CO + H2O
1.700171e+01CH3CHO + HO2 => CH3 + CO + H2O2
1.439256e+01CH3 + CH3CHO => CH3 + CH4 + CO
-1.270341e+01CH2CO + H (+M) <=> CH2CHO (+M)
1.268179e+01CH2CHO + O => CH2 + CO2 + H
1.533722e+01CH2CHO + O2 => CH2O + CO + OH
1.969853e+01CH2CHO + O2 => 2 HCO + OH
3.101771e+00CH2CHO + H <=> CH3 + HCO
-9.498098e-01CH2CHO + H <=> CH2CO + H2
-2.555841e+00CH2CHO + OH <=> CH2CO + H2O
1.631058e+00CH2CHO + OH <=> CH2OH + HCO
-2.093823e+01C2H5 + CH3 (+M) <=> C3H8 (+M)
5.155336e+00C3H8 + O <=> C3H7 + OH
4.364472e+00C3H8 + H <=> C3H7 + H2
2.758441e+00C3H8 + OH <=> C3H7 + H2O
-3.462017e+00C3H7 + H2O2 <=> C3H8 + HO2
8.528727e-01C3H8 + CH3 <=> C3H7 + CH4
-1.494615e+01C2H4 + CH3 (+M) <=> C3H7 (+M)
1.967196e-01C3H7 + O <=> C2H5 + CH2O
-1.801769e+01C3H7 + H (+M) <=> C3H8 (+M)
2.920540e+00C3H7 + H <=> C2H5 + CH3
1.449828e+00C3H7 + OH <=> C2H5 + CH2OH
-5.390697e+00C3H7 + HO2 <=> C3H8 + O2
1.559596e+01C3H7 + HO2 => C2H5 + CH2O + OH
2.572291e-01C3H7 + CH3 <=> 2 C2H5
